Namespace(aggregation='max', angle=0, batch_size=32, dataset='modelnet40', dropout=0.5, emb_dims=1024, epochs=50, eval=False, exp_name='grid_sub_max_512', grid_samp=True, k=20, lr=0.001, model='dgcnn', model_path='', momentum=0.9, no_cuda=False, num_points=512, seed=1, sigma=0, test_batch_size=16, use_sgd=True)
Using GPU : 0 from 1 devices
Train 0, loss: 2.856455, train acc: 0.411238, train avg acc: 0.235594
Test 0, loss: 2.258251, test acc: 0.606969, test avg acc: 0.463750
Train 1, loss: 2.222002, train acc: 0.621946, train avg acc: 0.436867
Test 1, loss: 2.013527, test acc: 0.713938, test avg acc: 0.562273
Train 2, loss: 2.077712, train acc: 0.683530, train avg acc: 0.522979
Test 2, loss: 1.912479, test acc: 0.751621, test avg acc: 0.650331
Train 3, loss: 1.984050, train acc: 0.728827, train avg acc: 0.587737
Test 3, loss: 1.947689, test acc: 0.735008, test avg acc: 0.637913
Train 4, loss: 1.935932, train acc: 0.747252, train avg acc: 0.617146
Test 4, loss: 1.777539, test acc: 0.829011, test avg acc: 0.735099
Train 5, loss: 1.890941, train acc: 0.769035, train avg acc: 0.644214
Test 5, loss: 1.759776, test acc: 0.815640, test avg acc: 0.715977
Train 6, loss: 1.858872, train acc: 0.782777, train avg acc: 0.665491
Test 6, loss: 1.711193, test acc: 0.850891, test avg acc: 0.755785
Train 7, loss: 1.840309, train acc: 0.789393, train avg acc: 0.674820
Test 7, loss: 1.694475, test acc: 0.838736, test avg acc: 0.756477
Train 8, loss: 1.814144, train acc: 0.801201, train avg acc: 0.694081
Test 8, loss: 1.718971, test acc: 0.828606, test avg acc: 0.731436
Train 9, loss: 1.798090, train acc: 0.809344, train avg acc: 0.707730
Test 9, loss: 1.697186, test acc: 0.834684, test avg acc: 0.737942
Train 10, loss: 1.788848, train acc: 0.811584, train avg acc: 0.707090
Test 10, loss: 1.672837, test acc: 0.846029, test avg acc: 0.766686
Train 11, loss: 1.771683, train acc: 0.815961, train avg acc: 0.715412
Test 11, loss: 1.690354, test acc: 0.844408, test avg acc: 0.777802
Train 12, loss: 1.754459, train acc: 0.823697, train avg acc: 0.723836
Test 12, loss: 1.653198, test acc: 0.855348, test avg acc: 0.785186
Train 13, loss: 1.740819, train acc: 0.832553, train avg acc: 0.740064
Test 13, loss: 1.646280, test acc: 0.847245, test avg acc: 0.761477
Train 14, loss: 1.727062, train acc: 0.836217, train avg acc: 0.747135
Test 14, loss: 1.616306, test acc: 0.875608, test avg acc: 0.792663
Train 15, loss: 1.718755, train acc: 0.840391, train avg acc: 0.752694
Test 15, loss: 1.612975, test acc: 0.873987, test avg acc: 0.795616
Train 16, loss: 1.705346, train acc: 0.845277, train avg acc: 0.759101
Test 16, loss: 1.620443, test acc: 0.864263, test avg acc: 0.810012
Train 17, loss: 1.698098, train acc: 0.850774, train avg acc: 0.769809
Test 17, loss: 1.598963, test acc: 0.870340, test avg acc: 0.792651
Train 18, loss: 1.683439, train acc: 0.856881, train avg acc: 0.776203
Test 18, loss: 1.605629, test acc: 0.872366, test avg acc: 0.796459
Train 19, loss: 1.679158, train acc: 0.856169, train avg acc: 0.775832
Test 19, loss: 1.576398, test acc: 0.886143, test avg acc: 0.831436
Train 20, loss: 1.669867, train acc: 0.864108, train avg acc: 0.788167
Test 20, loss: 1.604422, test acc: 0.867099, test avg acc: 0.804058
Train 21, loss: 1.657848, train acc: 0.864617, train avg acc: 0.793163
Test 21, loss: 1.590093, test acc: 0.862642, test avg acc: 0.792186
Train 22, loss: 1.654951, train acc: 0.865126, train avg acc: 0.790061
Test 22, loss: 1.571086, test acc: 0.883306, test avg acc: 0.828262
Train 23, loss: 1.641524, train acc: 0.873066, train avg acc: 0.802222
Test 23, loss: 1.560391, test acc: 0.888979, test avg acc: 0.833831
Train 24, loss: 1.635162, train acc: 0.873473, train avg acc: 0.802038
Test 24, loss: 1.574757, test acc: 0.879660, test avg acc: 0.832657
Train 25, loss: 1.628736, train acc: 0.877036, train avg acc: 0.812246
Test 25, loss: 1.533723, test acc: 0.898298, test avg acc: 0.841634
Train 26, loss: 1.617338, train acc: 0.879275, train avg acc: 0.811313
Test 26, loss: 1.550940, test acc: 0.900324, test avg acc: 0.849203
Train 27, loss: 1.612750, train acc: 0.879988, train avg acc: 0.813533
Test 27, loss: 1.544178, test acc: 0.893841, test avg acc: 0.822849
Train 28, loss: 1.610194, train acc: 0.882125, train avg acc: 0.818868
Test 28, loss: 1.539050, test acc: 0.893841, test avg acc: 0.839506
Train 29, loss: 1.597212, train acc: 0.889658, train avg acc: 0.829302
Test 29, loss: 1.527645, test acc: 0.899109, test avg acc: 0.851256
Train 30, loss: 1.592114, train acc: 0.889251, train avg acc: 0.828032
Test 30, loss: 1.542099, test acc: 0.893841, test avg acc: 0.832378
Train 31, loss: 1.587237, train acc: 0.893221, train avg acc: 0.837013
Test 31, loss: 1.522086, test acc: 0.898703, test avg acc: 0.849924
Train 32, loss: 1.576910, train acc: 0.895358, train avg acc: 0.837033
Test 32, loss: 1.525707, test acc: 0.895057, test avg acc: 0.839913
Train 33, loss: 1.573347, train acc: 0.896885, train avg acc: 0.837953
Test 33, loss: 1.517884, test acc: 0.897488, test avg acc: 0.847797
Train 34, loss: 1.567437, train acc: 0.900651, train avg acc: 0.847927
Test 34, loss: 1.518448, test acc: 0.899919, test avg acc: 0.851099
Train 35, loss: 1.559676, train acc: 0.900855, train avg acc: 0.847731
Test 35, loss: 1.513221, test acc: 0.901945, test avg acc: 0.857262
Train 36, loss: 1.558679, train acc: 0.901669, train avg acc: 0.848793
Test 36, loss: 1.511882, test acc: 0.897893, test avg acc: 0.853052
Train 37, loss: 1.552467, train acc: 0.903094, train avg acc: 0.849831
Test 37, loss: 1.505006, test acc: 0.901540, test avg acc: 0.855087
Train 38, loss: 1.551429, train acc: 0.906759, train avg acc: 0.855151
Test 38, loss: 1.501698, test acc: 0.897893, test avg acc: 0.853884
Train 39, loss: 1.545369, train acc: 0.908184, train avg acc: 0.858692
Test 39, loss: 1.500650, test acc: 0.902755, test avg acc: 0.858628
Train 40, loss: 1.539407, train acc: 0.909914, train avg acc: 0.860833
Test 40, loss: 1.493546, test acc: 0.906402, test avg acc: 0.860297
Train 41, loss: 1.534557, train acc: 0.912052, train avg acc: 0.864549
Test 41, loss: 1.488533, test acc: 0.907212, test avg acc: 0.859459
Train 42, loss: 1.534555, train acc: 0.914699, train avg acc: 0.866797
Test 42, loss: 1.492368, test acc: 0.908428, test avg acc: 0.855331
Train 43, loss: 1.528271, train acc: 0.915717, train avg acc: 0.868059
Test 43, loss: 1.493348, test acc: 0.913290, test avg acc: 0.873372
Train 44, loss: 1.529712, train acc: 0.914800, train avg acc: 0.869824
Test 44, loss: 1.488822, test acc: 0.910454, test avg acc: 0.864576
Train 45, loss: 1.526424, train acc: 0.918567, train avg acc: 0.875658
Test 45, loss: 1.486986, test acc: 0.907212, test avg acc: 0.864459
Train 46, loss: 1.523596, train acc: 0.917854, train avg acc: 0.872518
Test 46, loss: 1.487418, test acc: 0.906402, test avg acc: 0.855791
Train 47, loss: 1.528934, train acc: 0.913172, train avg acc: 0.866966
Test 47, loss: 1.484861, test acc: 0.905592, test avg acc: 0.858500
Train 48, loss: 1.518558, train acc: 0.919483, train avg acc: 0.874291
Test 48, loss: 1.482321, test acc: 0.909238, test avg acc: 0.859372
Train 49, loss: 1.522135, train acc: 0.918872, train avg acc: 0.872777
Test 49, loss: 1.484474, test acc: 0.907212, test avg acc: 0.862331
Namespace(aggregation='max', angle=0, batch_size=32, dataset='modelnet40', dropout=0.5, emb_dims=1024, epochs=250, eval=True, exp_name='grid_sub_max_512', grid_samp=False, k=20, lr=0.001, model='dgcnn', model_path='checkpoints/grid_sub_max_512/models/model.t7', momentum=0.9, no_cuda=False, num_points=1024, seed=1, sigma=0, test_batch_size=16, use_sgd=True)
Using GPU : 0 from 1 devices
Test :: test acc: 0.884117, test avg acc: 0.835878
Namespace(aggregation='max', angle=0, batch_size=32, dataset='modelnet40', dropout=0.5, emb_dims=1024, epochs=50, eval=False, exp_name='grid_sub_max_512', grid_samp=True, k=20, lr=0.001, model='dgcnn', model_path='', momentum=0.9, no_cuda=False, num_points=512, seed=1, sigma=0, test_batch_size=16, use_sgd=True)
Using GPU : 0 from 1 devices
Train 0, loss: 2.818000, train acc: 0.417854, train avg acc: 0.243958
Test 0, loss: 2.275096, test acc: 0.567261, test avg acc: 0.435988
Train 1, loss: 2.240681, train acc: 0.616450, train avg acc: 0.438301
Test 1, loss: 2.021083, test acc: 0.705024, test avg acc: 0.557826
Train 2, loss: 2.083485, train acc: 0.689434, train avg acc: 0.532069
Test 2, loss: 1.899614, test acc: 0.749190, test avg acc: 0.631843
Train 3, loss: 2.001724, train acc: 0.720277, train avg acc: 0.575006
Test 3, loss: 1.925353, test acc: 0.774716, test avg acc: 0.671041
Train 4, loss: 1.946971, train acc: 0.745928, train avg acc: 0.616378
Test 4, loss: 1.861481, test acc: 0.792139, test avg acc: 0.708070
Train 5, loss: 1.899236, train acc: 0.769748, train avg acc: 0.649227
Test 5, loss: 1.788726, test acc: 0.817261, test avg acc: 0.712029
Train 6, loss: 1.870090, train acc: 0.778094, train avg acc: 0.658427
Test 6, loss: 1.743046, test acc: 0.825365, test avg acc: 0.724250
Train 7, loss: 1.843972, train acc: 0.788172, train avg acc: 0.674494
Test 7, loss: 1.702134, test acc: 0.827391, test avg acc: 0.745064
Train 8, loss: 1.807207, train acc: 0.804967, train avg acc: 0.702335
Test 8, loss: 1.698161, test acc: 0.835089, test avg acc: 0.738791
Train 9, loss: 1.808583, train acc: 0.801608, train avg acc: 0.693511
Test 9, loss: 1.696734, test acc: 0.830632, test avg acc: 0.756709
Train 10, loss: 1.786038, train acc: 0.814332, train avg acc: 0.714773
Test 10, loss: 1.679719, test acc: 0.844003, test avg acc: 0.778983
Train 11, loss: 1.761827, train acc: 0.826242, train avg acc: 0.730679
Test 11, loss: 1.738588, test acc: 0.827391, test avg acc: 0.762390
Train 12, loss: 1.755892, train acc: 0.828990, train avg acc: 0.732178
Test 12, loss: 1.696866, test acc: 0.826175, test avg acc: 0.758419
Train 13, loss: 1.737346, train acc: 0.829499, train avg acc: 0.738016
Test 13, loss: 1.667921, test acc: 0.847245, test avg acc: 0.767802
Train 14, loss: 1.730737, train acc: 0.834487, train avg acc: 0.747587
Test 14, loss: 1.635920, test acc: 0.868720, test avg acc: 0.799331
Train 15, loss: 1.725780, train acc: 0.839169, train avg acc: 0.752575
Test 15, loss: 1.632799, test acc: 0.862237, test avg acc: 0.788919
Train 16, loss: 1.707052, train acc: 0.845989, train avg acc: 0.760715
Test 16, loss: 1.632232, test acc: 0.851297, test avg acc: 0.794186
Train 17, loss: 1.698990, train acc: 0.849552, train avg acc: 0.766480
Test 17, loss: 1.688940, test acc: 0.853728, test avg acc: 0.780192
Train 18, loss: 1.686348, train acc: 0.854743, train avg acc: 0.775884
Test 18, loss: 1.617099, test acc: 0.876823, test avg acc: 0.800721
Train 19, loss: 1.682536, train acc: 0.854235, train avg acc: 0.773009
Test 19, loss: 1.570492, test acc: 0.888979, test avg acc: 0.827512
Train 20, loss: 1.672377, train acc: 0.859222, train avg acc: 0.778860
Test 20, loss: 1.586975, test acc: 0.873177, test avg acc: 0.810058
Train 21, loss: 1.658565, train acc: 0.863803, train avg acc: 0.789773
Test 21, loss: 1.604834, test acc: 0.861426, test avg acc: 0.799535
Train 22, loss: 1.649295, train acc: 0.866653, train avg acc: 0.793546
Test 22, loss: 1.567085, test acc: 0.883306, test avg acc: 0.819320
Train 23, loss: 1.649307, train acc: 0.865330, train avg acc: 0.791718
Test 23, loss: 1.564021, test acc: 0.886143, test avg acc: 0.831965
Train 24, loss: 1.631072, train acc: 0.874796, train avg acc: 0.805137
Test 24, loss: 1.576818, test acc: 0.880470, test avg acc: 0.829959
Train 25, loss: 1.628817, train acc: 0.875509, train avg acc: 0.807662
Test 25, loss: 1.544296, test acc: 0.894246, test avg acc: 0.832645
Train 26, loss: 1.620306, train acc: 0.881209, train avg acc: 0.814408
Test 26, loss: 1.569813, test acc: 0.893841, test avg acc: 0.836872
Train 27, loss: 1.616374, train acc: 0.880090, train avg acc: 0.817782
Test 27, loss: 1.550190, test acc: 0.893436, test avg acc: 0.838297
Train 28, loss: 1.608958, train acc: 0.885077, train avg acc: 0.822866
Test 28, loss: 1.537152, test acc: 0.896272, test avg acc: 0.840581
Train 29, loss: 1.601523, train acc: 0.888233, train avg acc: 0.824866
Test 29, loss: 1.546451, test acc: 0.891005, test avg acc: 0.838221
Train 30, loss: 1.588395, train acc: 0.893628, train avg acc: 0.836451
Test 30, loss: 1.524656, test acc: 0.902350, test avg acc: 0.857122
Train 31, loss: 1.589347, train acc: 0.893017, train avg acc: 0.837091
Test 31, loss: 1.533565, test acc: 0.886548, test avg acc: 0.850663
Train 32, loss: 1.574206, train acc: 0.896783, train avg acc: 0.842036
Test 32, loss: 1.508192, test acc: 0.908428, test avg acc: 0.853953
Train 33, loss: 1.575726, train acc: 0.896376, train avg acc: 0.836007
Test 33, loss: 1.513213, test acc: 0.905592, test avg acc: 0.859919
Train 34, loss: 1.562252, train acc: 0.899023, train avg acc: 0.844246
Test 34, loss: 1.515298, test acc: 0.902755, test avg acc: 0.858680
Train 35, loss: 1.563975, train acc: 0.898921, train avg acc: 0.839838
Test 35, loss: 1.507353, test acc: 0.900729, test avg acc: 0.857628
Train 36, loss: 1.557861, train acc: 0.901160, train avg acc: 0.850101
Test 36, loss: 1.502256, test acc: 0.904781, test avg acc: 0.855337
Train 37, loss: 1.552995, train acc: 0.904520, train avg acc: 0.852062
Test 37, loss: 1.503311, test acc: 0.901945, test avg acc: 0.858593
Train 38, loss: 1.542235, train acc: 0.908998, train avg acc: 0.857754
Test 38, loss: 1.498520, test acc: 0.896677, test avg acc: 0.852465
Train 39, loss: 1.542812, train acc: 0.910627, train avg acc: 0.861260
Test 39, loss: 1.494252, test acc: 0.903160, test avg acc: 0.857174
Train 40, loss: 1.535969, train acc: 0.910729, train avg acc: 0.862464
Test 40, loss: 1.489608, test acc: 0.909238, test avg acc: 0.866459
Train 41, loss: 1.533961, train acc: 0.909304, train avg acc: 0.855791
Test 41, loss: 1.492194, test acc: 0.903566, test avg acc: 0.869593
Train 42, loss: 1.532438, train acc: 0.914699, train avg acc: 0.867858
Test 42, loss: 1.488204, test acc: 0.906402, test avg acc: 0.862837
Train 43, loss: 1.527232, train acc: 0.915513, train avg acc: 0.866317
Test 43, loss: 1.494983, test acc: 0.903566, test avg acc: 0.861093
Train 44, loss: 1.526645, train acc: 0.912866, train avg acc: 0.864846
Test 44, loss: 1.484488, test acc: 0.908428, test avg acc: 0.868674
Train 45, loss: 1.521845, train acc: 0.920297, train avg acc: 0.879465
Test 45, loss: 1.489268, test acc: 0.908023, test avg acc: 0.865831
Train 46, loss: 1.521237, train acc: 0.917549, train avg acc: 0.870171
Test 46, loss: 1.485571, test acc: 0.900324, test avg acc: 0.860169
Train 47, loss: 1.525482, train acc: 0.912866, train avg acc: 0.865809
Test 47, loss: 1.483749, test acc: 0.907212, test avg acc: 0.864378
Train 48, loss: 1.514577, train acc: 0.919279, train avg acc: 0.875360
Test 48, loss: 1.483586, test acc: 0.905997, test avg acc: 0.860209
Train 49, loss: 1.520610, train acc: 0.919585, train avg acc: 0.872692
Test 49, loss: 1.486955, test acc: 0.910049, test avg acc: 0.872750
Namespace(aggregation='max', angle=0, batch_size=32, dataset='modelnet40', dropout=0.5, emb_dims=1024, epochs=250, eval=True, exp_name='grid_sub_max_512', grid_samp=False, k=20, lr=0.001, model='dgcnn', model_path='checkpoints/grid_sub_max_512/models/model.t7', momentum=0.9, no_cuda=False, num_points=1024, seed=1, sigma=0, test_batch_size=16, use_sgd=True)
Using GPU : 0 from 1 devices
Test :: test acc: 0.881280, test avg acc: 0.833424
Namespace(aggregation='max', angle=0, batch_size=32, dataset='modelnet40', dropout=0.5, emb_dims=1024, epochs=50, eval=False, exp_name='grid_sub_max_512', grid_samp=True, k=20, lr=0.001, model='dgcnn', model_path='', momentum=0.9, no_cuda=False, num_points=512, seed=1, sigma=0, test_batch_size=16, use_sgd=True)
Using GPU : 0 from 1 devices
Train 0, loss: 2.822057, train acc: 0.418058, train avg acc: 0.241289
Test 0, loss: 2.320087, test acc: 0.581037, test avg acc: 0.471773
Train 1, loss: 2.223666, train acc: 0.624287, train avg acc: 0.440296
Test 1, loss: 2.017816, test acc: 0.709481, test avg acc: 0.573831
Train 2, loss: 2.079734, train acc: 0.683327, train avg acc: 0.523819
Test 2, loss: 1.909235, test acc: 0.760940, test avg acc: 0.661169
Train 3, loss: 1.998304, train acc: 0.722414, train avg acc: 0.575833
Test 3, loss: 1.839180, test acc: 0.794976, test avg acc: 0.687651
Train 4, loss: 1.946926, train acc: 0.746132, train avg acc: 0.614488
Test 4, loss: 1.823359, test acc: 0.786872, test avg acc: 0.692663
Train 5, loss: 1.894220, train acc: 0.773412, train avg acc: 0.654585
Test 5, loss: 1.852447, test acc: 0.776742, test avg acc: 0.674459
Train 6, loss: 1.864301, train acc: 0.782777, train avg acc: 0.662702
Test 6, loss: 1.822442, test acc: 0.796191, test avg acc: 0.711331
Train 7, loss: 1.842797, train acc: 0.790717, train avg acc: 0.675851
Test 7, loss: 1.773646, test acc: 0.815235, test avg acc: 0.722791
Train 8, loss: 1.811166, train acc: 0.803441, train avg acc: 0.695308
Test 8, loss: 1.788494, test acc: 0.799433, test avg acc: 0.709407
Train 9, loss: 1.803645, train acc: 0.804458, train avg acc: 0.702778
Test 9, loss: 1.685376, test acc: 0.843193, test avg acc: 0.768779
Train 10, loss: 1.784211, train acc: 0.813620, train avg acc: 0.716135
Test 10, loss: 1.733278, test acc: 0.826580, test avg acc: 0.765273
Train 11, loss: 1.766635, train acc: 0.822170, train avg acc: 0.724774
Test 11, loss: 1.759153, test acc: 0.828606, test avg acc: 0.764215
Train 12, loss: 1.754113, train acc: 0.825326, train avg acc: 0.728059
Test 12, loss: 1.670272, test acc: 0.845624, test avg acc: 0.762948
Train 13, loss: 1.740794, train acc: 0.829703, train avg acc: 0.737473
Test 13, loss: 1.635427, test acc: 0.858590, test avg acc: 0.790110
Train 14, loss: 1.724365, train acc: 0.838253, train avg acc: 0.748199
Test 14, loss: 1.643846, test acc: 0.854133, test avg acc: 0.772872
Train 15, loss: 1.716436, train acc: 0.841714, train avg acc: 0.752830
Test 15, loss: 1.620438, test acc: 0.880065, test avg acc: 0.817471
Train 16, loss: 1.699482, train acc: 0.848738, train avg acc: 0.761755
Test 16, loss: 1.628297, test acc: 0.865883, test avg acc: 0.801378
Train 17, loss: 1.690891, train acc: 0.851995, train avg acc: 0.776466
Test 17, loss: 1.617993, test acc: 0.864668, test avg acc: 0.795610
Train 18, loss: 1.687921, train acc: 0.854743, train avg acc: 0.774488
Test 18, loss: 1.586221, test acc: 0.890194, test avg acc: 0.816145
Train 19, loss: 1.675655, train acc: 0.856881, train avg acc: 0.776789
Test 19, loss: 1.587385, test acc: 0.882901, test avg acc: 0.821593
Train 20, loss: 1.671362, train acc: 0.856169, train avg acc: 0.776938
Test 20, loss: 1.579795, test acc: 0.878444, test avg acc: 0.814145
Train 21, loss: 1.653873, train acc: 0.867671, train avg acc: 0.795053
Test 21, loss: 1.602774, test acc: 0.865883, test avg acc: 0.806610
Train 22, loss: 1.644288, train acc: 0.866653, train avg acc: 0.792805
Test 22, loss: 1.578085, test acc: 0.881280, test avg acc: 0.842948
Train 23, loss: 1.641624, train acc: 0.871132, train avg acc: 0.799551
Test 23, loss: 1.572900, test acc: 0.889789, test avg acc: 0.825587
Train 24, loss: 1.631670, train acc: 0.874491, train avg acc: 0.804143
Test 24, loss: 1.577036, test acc: 0.876823, test avg acc: 0.822343
Train 25, loss: 1.626329, train acc: 0.878359, train avg acc: 0.811670
Test 25, loss: 1.543220, test acc: 0.898298, test avg acc: 0.844971
Train 26, loss: 1.615414, train acc: 0.885281, train avg acc: 0.824692
Test 26, loss: 1.556573, test acc: 0.891815, test avg acc: 0.831419
Train 27, loss: 1.614298, train acc: 0.885179, train avg acc: 0.823007
Test 27, loss: 1.546350, test acc: 0.892626, test avg acc: 0.838965
Train 28, loss: 1.607668, train acc: 0.884874, train avg acc: 0.822672
Test 28, loss: 1.538274, test acc: 0.891410, test avg acc: 0.837802
Train 29, loss: 1.598624, train acc: 0.886910, train avg acc: 0.824381
Test 29, loss: 1.535271, test acc: 0.893436, test avg acc: 0.848343
Train 30, loss: 1.590141, train acc: 0.892610, train avg acc: 0.835502
Test 30, loss: 1.519550, test acc: 0.899109, test avg acc: 0.845709
Train 31, loss: 1.579964, train acc: 0.894340, train avg acc: 0.837630
Test 31, loss: 1.526349, test acc: 0.892626, test avg acc: 0.846221
Train 32, loss: 1.573191, train acc: 0.898310, train avg acc: 0.841576
Test 32, loss: 1.515276, test acc: 0.900729, test avg acc: 0.850134
Train 33, loss: 1.565892, train acc: 0.899328, train avg acc: 0.844811
Test 33, loss: 1.503740, test acc: 0.903566, test avg acc: 0.855872
Train 34, loss: 1.562715, train acc: 0.902687, train avg acc: 0.849061
Test 34, loss: 1.508639, test acc: 0.899109, test avg acc: 0.849971
Train 35, loss: 1.554271, train acc: 0.908184, train avg acc: 0.854678
Test 35, loss: 1.508000, test acc: 0.903160, test avg acc: 0.866087
Train 36, loss: 1.551503, train acc: 0.905843, train avg acc: 0.856384
Test 36, loss: 1.501718, test acc: 0.905186, test avg acc: 0.854965
Train 37, loss: 1.551947, train acc: 0.906555, train avg acc: 0.855111
Test 37, loss: 1.496708, test acc: 0.903160, test avg acc: 0.854291
Train 38, loss: 1.538295, train acc: 0.910525, train avg acc: 0.860634
Test 38, loss: 1.497913, test acc: 0.902350, test avg acc: 0.858552
Train 39, loss: 1.538801, train acc: 0.909406, train avg acc: 0.856954
Test 39, loss: 1.490421, test acc: 0.909238, test avg acc: 0.868872
Train 40, loss: 1.531616, train acc: 0.911747, train avg acc: 0.862720
Test 40, loss: 1.481592, test acc: 0.910454, test avg acc: 0.869419
Train 41, loss: 1.529036, train acc: 0.913579, train avg acc: 0.861899
Test 41, loss: 1.489848, test acc: 0.909643, test avg acc: 0.866297
Train 42, loss: 1.525894, train acc: 0.918363, train avg acc: 0.871255
Test 42, loss: 1.492352, test acc: 0.909238, test avg acc: 0.865663
Train 43, loss: 1.520052, train acc: 0.921010, train avg acc: 0.875098
Test 43, loss: 1.489853, test acc: 0.905592, test avg acc: 0.857297
Train 44, loss: 1.522492, train acc: 0.916124, train avg acc: 0.870931
Test 44, loss: 1.482631, test acc: 0.908023, test avg acc: 0.859459
Train 45, loss: 1.522019, train acc: 0.918465, train avg acc: 0.872675
Test 45, loss: 1.484292, test acc: 0.905592, test avg acc: 0.862628
Train 46, loss: 1.520031, train acc: 0.917243, train avg acc: 0.871439
Test 46, loss: 1.484957, test acc: 0.907212, test avg acc: 0.866919
Train 47, loss: 1.518875, train acc: 0.920195, train avg acc: 0.877773
Test 47, loss: 1.482898, test acc: 0.907212, test avg acc: 0.868837
Train 48, loss: 1.512313, train acc: 0.921519, train avg acc: 0.878498
Test 48, loss: 1.478381, test acc: 0.908023, test avg acc: 0.865669
Train 49, loss: 1.517239, train acc: 0.918058, train avg acc: 0.869790
Test 49, loss: 1.481644, test acc: 0.905592, test avg acc: 0.864169
Namespace(aggregation='max', angle=0, batch_size=32, dataset='modelnet40', dropout=0.5, emb_dims=1024, epochs=250, eval=True, exp_name='grid_sub_max_512', grid_samp=False, k=20, lr=0.001, model='dgcnn', model_path='checkpoints/grid_sub_max_512/models/model.t7', momentum=0.9, no_cuda=False, num_points=1024, seed=1, sigma=0, test_batch_size=16, use_sgd=True)
Using GPU : 0 from 1 devices
Test :: test acc: 0.882091, test avg acc: 0.831087
Namespace(aggregation='max', angle=0, batch_size=32, dataset='modelnet40', dropout=0.5, emb_dims=1024, epochs=250, eval=True, exp_name='grid_sub_max_512', grid_samp=True, k=20, lr=0.001, model='dgcnn', model_path='checkpoints/grid_sub_max_512/models/model.t7', momentum=0.9, no_cuda=False, num_points=1024, seed=1, sigma=0, test_batch_size=16, use_sgd=True)
Using GPU : 0 from 1 devices
Test :: test acc: 0.877229, test avg acc: 0.825174
Namespace(aggregation='max', angle=0, batch_size=32, dataset='modelnet40', dropout=0.5, emb_dims=1024, epochs=250, eval=True, exp_name='grid_sub_max_512', grid_samp=True, k=20, lr=0.001, model='dgcnn', model_path='checkpoints/grid_sub_max_512/models/model.t7', momentum=0.9, no_cuda=False, num_points=1024, seed=1, sigma=0, test_batch_size=16, use_sgd=True)
Using GPU : 0 from 1 devices
Test :: test acc: 0.876013, test avg acc: 0.822965
