Namespace(aggregation='max', angle=0, batch_size=32, dataset='modelnet40', dropout=0.5, emb_dims=1024, epochs=50, eval=False, exp_name='P+', grid_samp=False, k=20, lr=0.001, model='pointnetplus', model_path='', momentum=0.9, no_cuda=False, num_points=1024, seed=1, sigma=0, test_batch_size=16, use_sgd=True)
Using GPU : 0 from 1 devices
Train 0, loss: 2.852908, train acc: 0.407980, train avg acc: 0.228177
Test 0, loss: 2.360146, test acc: 0.548217, test avg acc: 0.421430
Train 1, loss: 2.375377, train acc: 0.560668, train avg acc: 0.369334
Test 1, loss: 2.162183, test acc: 0.642626, test avg acc: 0.462378
Train 2, loss: 2.268130, train acc: 0.600570, train avg acc: 0.417812
Test 2, loss: 2.024867, test acc: 0.702593, test avg acc: 0.559733
Train 3, loss: 2.174514, train acc: 0.645257, train avg acc: 0.471095
Test 3, loss: 1.927116, test acc: 0.747164, test avg acc: 0.595459
Namespace(aggregation='max', angle=0, batch_size=32, dataset='modelnet40', dropout=0.5, emb_dims=1024, epochs=50, eval=False, exp_name='P+', grid_samp=False, k=20, lr=0.001, model='pointnetplus', model_path='', momentum=0.9, no_cuda=False, num_points=1024, seed=1, sigma=0, test_batch_size=16, use_sgd=True)
Using GPU : 0 from 1 devices
Train 0, loss: 2.828794, train acc: 0.412866, train avg acc: 0.242265
Test 0, loss: 2.374604, test acc: 0.536062, test avg acc: 0.407855
Train 1, loss: 2.360998, train acc: 0.562296, train avg acc: 0.373313
Test 1, loss: 2.063446, test acc: 0.684765, test avg acc: 0.532459
Train 2, loss: 2.242848, train acc: 0.609833, train avg acc: 0.429647
Test 2, loss: 2.024493, test acc: 0.694084, test avg acc: 0.541163
Train 3, loss: 2.175443, train acc: 0.637520, train avg acc: 0.463301
Test 3, loss: 1.920912, test acc: 0.760535, test avg acc: 0.632942
Train 4, loss: 2.104737, train acc: 0.669992, train avg acc: 0.504794
Test 4, loss: 1.885297, test acc: 0.771880, test avg acc: 0.651762
Train 5, loss: 2.066554, train acc: 0.688009, train avg acc: 0.527764
Test 5, loss: 1.863787, test acc: 0.774716, test avg acc: 0.646029
Train 6, loss: 2.029947, train acc: 0.707349, train avg acc: 0.553933
Test 6, loss: 1.825682, test acc: 0.784036, test avg acc: 0.660942
Train 7, loss: 1.992440, train acc: 0.720379, train avg acc: 0.571888
Test 7, loss: 1.800595, test acc: 0.797407, test avg acc: 0.674907
Train 8, loss: 1.977802, train acc: 0.729133, train avg acc: 0.587470
Test 8, loss: 1.780775, test acc: 0.813209, test avg acc: 0.681628
Train 9, loss: 1.948361, train acc: 0.741246, train avg acc: 0.602151
Test 9, loss: 1.788985, test acc: 0.786872, test avg acc: 0.683023
Train 10, loss: 1.927700, train acc: 0.750509, train avg acc: 0.613929
Test 10, loss: 1.829729, test acc: 0.793760, test avg acc: 0.699076
Train 11, loss: 1.913375, train acc: 0.754886, train avg acc: 0.622050
Test 11, loss: 1.766411, test acc: 0.809562, test avg acc: 0.707541
Train 12, loss: 1.890876, train acc: 0.769951, train avg acc: 0.645352
Test 12, loss: 1.715035, test acc: 0.822123, test avg acc: 0.722901
Train 13, loss: 1.875376, train acc: 0.769951, train avg acc: 0.643774
Test 13, loss: 1.784214, test acc: 0.811588, test avg acc: 0.711081
Train 14, loss: 1.851507, train acc: 0.778909, train avg acc: 0.664698
Test 14, loss: 1.751709, test acc: 0.814019, test avg acc: 0.732680
Train 15, loss: 1.848440, train acc: 0.785627, train avg acc: 0.665216
Test 15, loss: 1.761998, test acc: 0.799838, test avg acc: 0.740081
Train 16, loss: 1.836759, train acc: 0.789292, train avg acc: 0.672132
Test 16, loss: 1.665178, test acc: 0.858590, test avg acc: 0.758262
Train 17, loss: 1.817271, train acc: 0.799980, train avg acc: 0.693071
Test 17, loss: 1.733398, test acc: 0.833874, test avg acc: 0.755767
Train 18, loss: 1.809449, train acc: 0.801812, train avg acc: 0.695987
Test 18, loss: 1.715158, test acc: 0.817666, test avg acc: 0.750198
Train 19, loss: 1.794868, train acc: 0.808836, train avg acc: 0.701374
Test 19, loss: 1.702515, test acc: 0.835900, test avg acc: 0.753785
Train 20, loss: 1.791210, train acc: 0.808734, train avg acc: 0.703255
Test 20, loss: 1.659596, test acc: 0.850891, test avg acc: 0.787948
Train 21, loss: 1.780115, train acc: 0.810362, train avg acc: 0.709845
Test 21, loss: 1.645342, test acc: 0.859400, test avg acc: 0.794616
Train 22, loss: 1.763410, train acc: 0.820033, train avg acc: 0.719760
Test 22, loss: 1.656743, test acc: 0.856159, test avg acc: 0.767343
Train 23, loss: 1.757066, train acc: 0.820338, train avg acc: 0.716958
Test 23, loss: 1.634297, test acc: 0.856159, test avg acc: 0.768802
Train 24, loss: 1.749561, train acc: 0.825122, train avg acc: 0.728910
Test 24, loss: 1.650317, test acc: 0.859400, test avg acc: 0.777186
Train 25, loss: 1.734091, train acc: 0.834894, train avg acc: 0.746926
Test 25, loss: 1.687115, test acc: 0.846434, test avg acc: 0.778430
Train 26, loss: 1.727949, train acc: 0.833062, train avg acc: 0.735772
Test 26, loss: 1.590136, test acc: 0.880065, test avg acc: 0.791541
Train 27, loss: 1.712064, train acc: 0.843343, train avg acc: 0.757366
Test 27, loss: 1.603382, test acc: 0.873582, test avg acc: 0.820988
Train 28, loss: 1.707545, train acc: 0.843852, train avg acc: 0.758196
Test 28, loss: 1.586156, test acc: 0.880065, test avg acc: 0.806640
Train 29, loss: 1.692376, train acc: 0.850468, train avg acc: 0.765841
Test 29, loss: 1.583351, test acc: 0.876418, test avg acc: 0.810733
Train 30, loss: 1.683775, train acc: 0.856067, train avg acc: 0.774525
Test 30, loss: 1.561225, test acc: 0.892220, test avg acc: 0.831006
Train 31, loss: 1.679948, train acc: 0.856270, train avg acc: 0.775792
Test 31, loss: 1.571487, test acc: 0.888574, test avg acc: 0.837145
Train 32, loss: 1.670141, train acc: 0.862989, train avg acc: 0.786336
Test 32, loss: 1.562437, test acc: 0.892626, test avg acc: 0.832081
Train 33, loss: 1.663946, train acc: 0.859731, train avg acc: 0.780079
Test 33, loss: 1.576609, test acc: 0.886953, test avg acc: 0.838645
Train 34, loss: 1.649809, train acc: 0.867366, train avg acc: 0.791946
Test 34, loss: 1.561332, test acc: 0.891410, test avg acc: 0.835680
Train 35, loss: 1.643390, train acc: 0.873066, train avg acc: 0.802798
Test 35, loss: 1.548560, test acc: 0.895867, test avg acc: 0.832616
Train 36, loss: 1.641132, train acc: 0.870725, train avg acc: 0.797749
Test 36, loss: 1.545974, test acc: 0.890600, test avg acc: 0.837605
Train 37, loss: 1.630553, train acc: 0.875407, train avg acc: 0.805443
Test 37, loss: 1.544443, test acc: 0.893436, test avg acc: 0.827093
Train 38, loss: 1.623694, train acc: 0.879988, train avg acc: 0.810915
Test 38, loss: 1.550717, test acc: 0.886548, test avg acc: 0.818297
Train 39, loss: 1.612948, train acc: 0.884161, train avg acc: 0.816838
Test 39, loss: 1.543590, test acc: 0.887358, test avg acc: 0.843483
Train 40, loss: 1.614224, train acc: 0.882838, train avg acc: 0.816765
Test 40, loss: 1.526011, test acc: 0.898703, test avg acc: 0.846547
Train 41, loss: 1.605088, train acc: 0.883347, train avg acc: 0.819416
Test 41, loss: 1.524233, test acc: 0.901135, test avg acc: 0.850291
Train 42, loss: 1.596350, train acc: 0.893017, train avg acc: 0.836608
Test 42, loss: 1.522990, test acc: 0.904781, test avg acc: 0.851203
Train 43, loss: 1.591648, train acc: 0.895257, train avg acc: 0.835545
Test 43, loss: 1.517678, test acc: 0.907212, test avg acc: 0.860331
Train 44, loss: 1.592909, train acc: 0.891796, train avg acc: 0.831968
Test 44, loss: 1.516098, test acc: 0.905186, test avg acc: 0.856047
Train 45, loss: 1.591757, train acc: 0.893221, train avg acc: 0.828479
Test 45, loss: 1.513181, test acc: 0.909238, test avg acc: 0.863122
Train 46, loss: 1.587683, train acc: 0.893526, train avg acc: 0.833761
Test 46, loss: 1.509019, test acc: 0.907618, test avg acc: 0.855919
Train 47, loss: 1.585431, train acc: 0.894442, train avg acc: 0.834195
Test 47, loss: 1.509654, test acc: 0.909238, test avg acc: 0.860994
Train 48, loss: 1.587022, train acc: 0.893526, train avg acc: 0.830684
Test 48, loss: 1.509307, test acc: 0.907212, test avg acc: 0.854703
Train 49, loss: 1.590048, train acc: 0.891796, train avg acc: 0.831310
Test 49, loss: 1.508287, test acc: 0.909238, test avg acc: 0.860953
Namespace(aggregation='max', angle=0, batch_size=32, dataset='modelnet40', dropout=0.5, emb_dims=1024, epochs=250, eval=True, exp_name='P+', grid_samp=False, k=20, lr=0.001, model='pointnetplus', model_path='checkpoints/P+/models/model.t7', momentum=0.9, no_cuda=False, num_points=1024, seed=1, sigma=0, test_batch_size=16, use_sgd=True)
Using GPU : 0 from 1 devices
Test :: test acc: 0.909238, test avg acc: 0.860953
