Namespace(add_features=True, batch_size=32, dataset='parislille', dropout=0.5, emb_dims=1024, epochs=250, eval=False, exp_name='Paris_Lille', grid_size=10, k=20, lr=0.001, model='dgcnnseg', model_path='', momentum=0.9, no_cuda=False, num_points=2048, seed=1, test_batch_size=16, use_sgd=True)
Using GPU : 0 from 1 devices
Namespace(add_features=True, batch_size=32, dataset='parislille', dropout=0.5, emb_dims=1024, epochs=250, eval=False, exp_name='Paris_Lille', grid_size=10, k=20, lr=0.001, model='dgcnnseg', model_path='', momentum=0.9, no_cuda=False, num_points=2048, seed=1, test_batch_size=16, use_sgd=True)
Using GPU : 0 from 1 devices
Train 0, loss: 1.495184, train acc: 0.365143, train avg acc: 0.115805
Test 0, loss: 1.416971, test acc: 0.391453, test avg acc: 0.130235
Train 1, loss: 1.427083, train acc: 0.373761, train avg acc: 0.118112
Test 1, loss: 1.368475, test acc: 0.399569, test avg acc: 0.138297
Train 2, loss: 1.415352, train acc: 0.380582, train avg acc: 0.121517
Test 2, loss: 1.382362, test acc: 0.409977, test avg acc: 0.131475
Train 3, loss: 1.397133, train acc: 0.389699, train avg acc: 0.125052
Test 3, loss: 1.385632, test acc: 0.418164, test avg acc: 0.141875
Train 4, loss: 1.401847, train acc: 0.384155, train avg acc: 0.121799
Test 4, loss: 1.398652, test acc: 0.376064, test avg acc: 0.114491
Train 5, loss: 1.393891, train acc: 0.406114, train avg acc: 0.130349
Test 5, loss: 1.422575, test acc: 0.423566, test avg acc: 0.125615
Train 6, loss: 1.389293, train acc: 0.403373, train avg acc: 0.127279
Test 6, loss: 1.408147, test acc: 0.371685, test avg acc: 0.134166
Train 7, loss: 1.410329, train acc: 0.393067, train avg acc: 0.122480
Test 7, loss: 1.359024, test acc: 0.428234, test avg acc: 0.144401
Train 8, loss: 1.373288, train acc: 0.416545, train avg acc: 0.131958
Test 8, loss: 1.465817, test acc: 0.380083, test avg acc: 0.103911
Train 9, loss: 1.383117, train acc: 0.411999, train avg acc: 0.129710
Test 9, loss: 1.349326, test acc: 0.424589, test avg acc: 0.140572
Train 10, loss: 1.379700, train acc: 0.423154, train avg acc: 0.133754
Test 10, loss: 1.439364, test acc: 0.408052, test avg acc: 0.141744
Train 11, loss: 1.370691, train acc: 0.428868, train avg acc: 0.137094
Test 11, loss: 1.510282, test acc: 0.372016, test avg acc: 0.111582
Train 12, loss: 1.378287, train acc: 0.423698, train avg acc: 0.133791
Test 12, loss: 1.340806, test acc: 0.436930, test avg acc: 0.143376
Train 13, loss: 1.367046, train acc: 0.434481, train avg acc: 0.139970
Test 13, loss: 1.340254, test acc: 0.438842, test avg acc: 0.130908
Train 14, loss: 1.378776, train acc: 0.419995, train avg acc: 0.134565
Test 14, loss: 1.454317, test acc: 0.419150, test avg acc: 0.145637
Train 15, loss: 1.364601, train acc: 0.439165, train avg acc: 0.139944
Test 15, loss: 1.416332, test acc: 0.403960, test avg acc: 0.116029
Train 16, loss: 1.370069, train acc: 0.434088, train avg acc: 0.139291
Test 16, loss: 1.335195, test acc: 0.458449, test avg acc: 0.155401
Train 17, loss: 1.366605, train acc: 0.431267, train avg acc: 0.137898
Test 17, loss: 1.305318, test acc: 0.475070, test avg acc: 0.143731
Train 18, loss: 1.347685, train acc: 0.450338, train avg acc: 0.145068
Test 18, loss: 1.402615, test acc: 0.410067, test avg acc: 0.148187
Train 19, loss: 1.357093, train acc: 0.447933, train avg acc: 0.143323
Test 19, loss: 1.394165, test acc: 0.423008, test avg acc: 0.146091
Train 20, loss: 1.348555, train acc: 0.449741, train avg acc: 0.144425
Test 20, loss: 1.343432, test acc: 0.435740, test avg acc: 0.131448
Train 21, loss: 1.344588, train acc: 0.449468, train avg acc: 0.143923
Test 21, loss: 1.296200, test acc: 0.476138, test avg acc: 0.151582
Train 22, loss: 1.341344, train acc: 0.453155, train avg acc: 0.144517
Test 22, loss: 1.391767, test acc: 0.407116, test avg acc: 0.118441
Train 23, loss: 1.336958, train acc: 0.452427, train avg acc: 0.145386
Test 23, loss: 1.384455, test acc: 0.430943, test avg acc: 0.130948
Train 24, loss: 1.336143, train acc: 0.458508, train avg acc: 0.147277
Test 24, loss: 1.292860, test acc: 0.502741, test avg acc: 0.166872
Train 25, loss: 1.330216, train acc: 0.458405, train avg acc: 0.147298
Test 25, loss: 1.313461, test acc: 0.472964, test avg acc: 0.161950
Train 26, loss: 1.330420, train acc: 0.457142, train avg acc: 0.148988
Test 26, loss: 1.322788, test acc: 0.451170, test avg acc: 0.156065
Train 27, loss: 1.342839, train acc: 0.452099, train avg acc: 0.144535
Test 27, loss: 1.324852, test acc: 0.441492, test avg acc: 0.146939
Train 28, loss: 1.326242, train acc: 0.466141, train avg acc: 0.150058
Test 28, loss: 1.315907, test acc: 0.489814, test avg acc: 0.162108
Train 29, loss: 1.328695, train acc: 0.461117, train avg acc: 0.148271
Test 29, loss: 1.323822, test acc: 0.456605, test avg acc: 0.137344
Train 30, loss: 1.314630, train acc: 0.468480, train avg acc: 0.151367
Test 30, loss: 1.291958, test acc: 0.477078, test avg acc: 0.151033
Train 31, loss: 1.323149, train acc: 0.464601, train avg acc: 0.150267
Test 31, loss: 1.280457, test acc: 0.476154, test avg acc: 0.153874
Train 32, loss: 1.332696, train acc: 0.458138, train avg acc: 0.147474
Test 32, loss: 1.346826, test acc: 0.446517, test avg acc: 0.138001
Train 33, loss: 1.329599, train acc: 0.450985, train avg acc: 0.144509
Test 33, loss: 1.298284, test acc: 0.459071, test avg acc: 0.149028
Train 34, loss: 1.327967, train acc: 0.462089, train avg acc: 0.148423
Test 34, loss: 1.311825, test acc: 0.458856, test avg acc: 0.135644
Train 35, loss: 1.314079, train acc: 0.462594, train avg acc: 0.148257
Test 35, loss: 1.312947, test acc: 0.456612, test avg acc: 0.137013
Train 36, loss: 1.332630, train acc: 0.458433, train avg acc: 0.146941
Test 36, loss: 1.270812, test acc: 0.492187, test avg acc: 0.167734
Train 37, loss: 1.309328, train acc: 0.476454, train avg acc: 0.153698
Test 37, loss: 1.264064, test acc: 0.489075, test avg acc: 0.160106
Train 38, loss: 1.319819, train acc: 0.469278, train avg acc: 0.150976
Test 38, loss: 1.288755, test acc: 0.484157, test avg acc: 0.160822
Train 39, loss: 1.315508, train acc: 0.477267, train avg acc: 0.154351
Test 39, loss: 1.372292, test acc: 0.416461, test avg acc: 0.126084
Train 40, loss: 1.321707, train acc: 0.466181, train avg acc: 0.149774
Test 40, loss: 1.484772, test acc: 0.438092, test avg acc: 0.151931
Train 41, loss: 1.324319, train acc: 0.470412, train avg acc: 0.150514
Test 41, loss: 1.325096, test acc: 0.428952, test avg acc: 0.137876
Train 42, loss: 1.329181, train acc: 0.458255, train avg acc: 0.146496
Test 42, loss: 1.291126, test acc: 0.468911, test avg acc: 0.156985
Train 43, loss: 1.318221, train acc: 0.474059, train avg acc: 0.151391
Test 43, loss: 1.339285, test acc: 0.429070, test avg acc: 0.123918
Train 44, loss: 1.310342, train acc: 0.476086, train avg acc: 0.153083
Test 44, loss: 1.418593, test acc: 0.420350, test avg acc: 0.144446
Train 45, loss: 1.317283, train acc: 0.468897, train avg acc: 0.151814
Test 45, loss: 1.280044, test acc: 0.464026, test avg acc: 0.159034
Train 46, loss: 1.316734, train acc: 0.463459, train avg acc: 0.148694
Test 46, loss: 1.343239, test acc: 0.430716, test avg acc: 0.130785
Train 47, loss: 1.329878, train acc: 0.453509, train avg acc: 0.145490
Test 47, loss: 1.318904, test acc: 0.460518, test avg acc: 0.152305
Train 48, loss: 1.311842, train acc: 0.469532, train avg acc: 0.151241
Test 48, loss: 1.372092, test acc: 0.446628, test avg acc: 0.155687
Train 49, loss: 1.314398, train acc: 0.471277, train avg acc: 0.153479
Test 49, loss: 1.377686, test acc: 0.452207, test avg acc: 0.130209
Train 50, loss: 1.313371, train acc: 0.462886, train avg acc: 0.149541
Test 50, loss: 1.294119, test acc: 0.458136, test avg acc: 0.156765
Train 51, loss: 1.311119, train acc: 0.476837, train avg acc: 0.153820
Test 51, loss: 1.350359, test acc: 0.434324, test avg acc: 0.151044
Train 52, loss: 1.307992, train acc: 0.479598, train avg acc: 0.153765
Test 52, loss: 1.417734, test acc: 0.452030, test avg acc: 0.136598
Train 53, loss: 1.304487, train acc: 0.483636, train avg acc: 0.155381
Test 53, loss: 1.305455, test acc: 0.448413, test avg acc: 0.141044
Train 54, loss: 1.318594, train acc: 0.465648, train avg acc: 0.150349
Test 54, loss: 1.360680, test acc: 0.462138, test avg acc: 0.143084
Train 55, loss: 1.312733, train acc: 0.470170, train avg acc: 0.151492
Test 55, loss: 1.275119, test acc: 0.489218, test avg acc: 0.159084
Train 56, loss: 1.308752, train acc: 0.479531, train avg acc: 0.153360
Test 56, loss: 1.294755, test acc: 0.476486, test avg acc: 0.158704
Train 57, loss: 1.303292, train acc: 0.476834, train avg acc: 0.154093
Test 57, loss: 1.474276, test acc: 0.422227, test avg acc: 0.145614
Train 58, loss: 1.304852, train acc: 0.481706, train avg acc: 0.156049
Test 58, loss: 1.357306, test acc: 0.458640, test avg acc: 0.141014
Train 59, loss: 1.317713, train acc: 0.477200, train avg acc: 0.152621
Test 59, loss: 1.314350, test acc: 0.472081, test avg acc: 0.154077
Train 60, loss: 1.297833, train acc: 0.492600, train avg acc: 0.158023
Test 60, loss: 1.299501, test acc: 0.459765, test avg acc: 0.159579
Train 61, loss: 1.306498, train acc: 0.477401, train avg acc: 0.154700
Test 61, loss: 1.260781, test acc: 0.509281, test avg acc: 0.162110
Train 62, loss: 1.301257, train acc: 0.475811, train avg acc: 0.153766
Test 62, loss: 1.321318, test acc: 0.476737, test avg acc: 0.159346
Train 63, loss: 1.315433, train acc: 0.473583, train avg acc: 0.153053
Test 63, loss: 1.453556, test acc: 0.378506, test avg acc: 0.105776
Train 64, loss: 1.311390, train acc: 0.478843, train avg acc: 0.153493
Test 64, loss: 1.361935, test acc: 0.441431, test avg acc: 0.153430
Train 65, loss: 1.306188, train acc: 0.478908, train avg acc: 0.153950
Test 65, loss: 1.289839, test acc: 0.474824, test avg acc: 0.140564
Train 66, loss: 1.313315, train acc: 0.479499, train avg acc: 0.153245
Test 66, loss: 1.243838, test acc: 0.545137, test avg acc: 0.171826
Train 67, loss: 1.288217, train acc: 0.492919, train avg acc: 0.157607
Test 67, loss: 1.306187, test acc: 0.482563, test avg acc: 0.149229
Train 68, loss: 1.299276, train acc: 0.492142, train avg acc: 0.156949
Test 68, loss: 1.284388, test acc: 0.489127, test avg acc: 0.159332
Train 69, loss: 1.296138, train acc: 0.493928, train avg acc: 0.158091
Test 69, loss: 1.224895, test acc: 0.519794, test avg acc: 0.168380
Train 70, loss: 1.293638, train acc: 0.502133, train avg acc: 0.161448
Test 70, loss: 1.276194, test acc: 0.491528, test avg acc: 0.161409
Train 71, loss: 1.289515, train acc: 0.503970, train avg acc: 0.162176
Test 71, loss: 1.307597, test acc: 0.495940, test avg acc: 0.152106
Train 72, loss: 1.281008, train acc: 0.502496, train avg acc: 0.161412
Test 72, loss: 1.419439, test acc: 0.470233, test avg acc: 0.146080
Train 73, loss: 1.283719, train acc: 0.512185, train avg acc: 0.162647
Test 73, loss: 1.377213, test acc: 0.456048, test avg acc: 0.155415
Train 74, loss: 1.283084, train acc: 0.506902, train avg acc: 0.162588
Test 74, loss: 1.314478, test acc: 0.497151, test avg acc: 0.167576
Train 75, loss: 1.270308, train acc: 0.520900, train avg acc: 0.167478
Test 75, loss: 1.224567, test acc: 0.547628, test avg acc: 0.175148
Train 76, loss: 1.264019, train acc: 0.525599, train avg acc: 0.168670
Test 76, loss: 1.240879, test acc: 0.542391, test avg acc: 0.172008
Train 77, loss: 1.257076, train acc: 0.528532, train avg acc: 0.168571
Test 77, loss: 1.282110, test acc: 0.497671, test avg acc: 0.154434
Train 78, loss: 1.270954, train acc: 0.513196, train avg acc: 0.163749
Test 78, loss: 1.261140, test acc: 0.525384, test avg acc: 0.164773
Train 79, loss: 1.253511, train acc: 0.536779, train avg acc: 0.171703
Test 79, loss: 1.201019, test acc: 0.559758, test avg acc: 0.174568
Train 80, loss: 1.270298, train acc: 0.515987, train avg acc: 0.162813
Test 80, loss: 1.354397, test acc: 0.482762, test avg acc: 0.157587
Train 81, loss: 1.253977, train acc: 0.533989, train avg acc: 0.169657
Test 81, loss: 1.637718, test acc: 0.457659, test avg acc: 0.154876
Train 82, loss: 1.260102, train acc: 0.533968, train avg acc: 0.168923
Test 82, loss: 1.225532, test acc: 0.535901, test avg acc: 0.164832
Train 83, loss: 1.229379, train acc: 0.550974, train avg acc: 0.175778
Test 83, loss: 1.243788, test acc: 0.530693, test avg acc: 0.158894
Train 84, loss: 1.263863, train acc: 0.531740, train avg acc: 0.169395
Test 84, loss: 1.219142, test acc: 0.544820, test avg acc: 0.181904
Train 85, loss: 1.254258, train acc: 0.539194, train avg acc: 0.169740
Test 85, loss: 1.180468, test acc: 0.582007, test avg acc: 0.181229
Train 86, loss: 1.249138, train acc: 0.539499, train avg acc: 0.171764
Test 86, loss: 1.362904, test acc: 0.474671, test avg acc: 0.161494
Train 87, loss: 1.244600, train acc: 0.539253, train avg acc: 0.169217
Test 87, loss: 1.216893, test acc: 0.562043, test avg acc: 0.173874
Train 88, loss: 1.248713, train acc: 0.532204, train avg acc: 0.167478
Test 88, loss: 1.214827, test acc: 0.529924, test avg acc: 0.149384
Train 89, loss: 1.222681, train acc: 0.548415, train avg acc: 0.172226
Test 89, loss: 1.185726, test acc: 0.562132, test avg acc: 0.184025
Train 90, loss: 1.237137, train acc: 0.542435, train avg acc: 0.171413
Test 90, loss: 1.226121, test acc: 0.541793, test avg acc: 0.176369
Train 91, loss: 1.251588, train acc: 0.540753, train avg acc: 0.169015
Test 91, loss: 1.311143, test acc: 0.503470, test avg acc: 0.161957
Train 92, loss: 1.225602, train acc: 0.551004, train avg acc: 0.172650
Test 92, loss: 1.165768, test acc: 0.591393, test avg acc: 0.179212
Train 93, loss: 1.225587, train acc: 0.549037, train avg acc: 0.171495
Test 93, loss: 1.235855, test acc: 0.535039, test avg acc: 0.183309
Train 94, loss: 1.219944, train acc: 0.553047, train avg acc: 0.174673
Test 94, loss: 1.232046, test acc: 0.520611, test avg acc: 0.149129
Train 95, loss: 1.224926, train acc: 0.547393, train avg acc: 0.171918
Test 95, loss: 1.251676, test acc: 0.505272, test avg acc: 0.159771
Train 96, loss: 1.228126, train acc: 0.557598, train avg acc: 0.176100
Test 96, loss: 1.178950, test acc: 0.558815, test avg acc: 0.168544
Train 97, loss: 1.209106, train acc: 0.562690, train avg acc: 0.175475
Test 97, loss: 1.528958, test acc: 0.461318, test avg acc: 0.157948
Train 98, loss: 1.205624, train acc: 0.566244, train avg acc: 0.177783
Test 98, loss: 1.377356, test acc: 0.528387, test avg acc: 0.175882
Train 99, loss: 1.220561, train acc: 0.561395, train avg acc: 0.175215
Test 99, loss: 1.221919, test acc: 0.539712, test avg acc: 0.151605
Train 100, loss: 1.197213, train acc: 0.570695, train avg acc: 0.179513
Test 100, loss: 1.226417, test acc: 0.538232, test avg acc: 0.155945
Train 101, loss: 1.196861, train acc: 0.571141, train avg acc: 0.177947
Test 101, loss: 1.149032, test acc: 0.591209, test avg acc: 0.182001
Train 102, loss: 1.209128, train acc: 0.567842, train avg acc: 0.177083
Test 102, loss: 1.166606, test acc: 0.567346, test avg acc: 0.167602
Train 103, loss: 1.166495, train acc: 0.588537, train avg acc: 0.185496
Test 103, loss: 1.132533, test acc: 0.618514, test avg acc: 0.189845
Train 104, loss: 1.187977, train acc: 0.576383, train avg acc: 0.179223
Test 104, loss: 1.284542, test acc: 0.513531, test avg acc: 0.143089
Train 105, loss: 1.185277, train acc: 0.581172, train avg acc: 0.182069
Test 105, loss: 1.232871, test acc: 0.544853, test avg acc: 0.182696
Train 106, loss: 1.155216, train acc: 0.593930, train avg acc: 0.188202
Test 106, loss: 1.114861, test acc: 0.630631, test avg acc: 0.197346
Train 107, loss: 1.184924, train acc: 0.577463, train avg acc: 0.180902
Test 107, loss: 1.130291, test acc: 0.620322, test avg acc: 0.194064
Train 108, loss: 1.166577, train acc: 0.591815, train avg acc: 0.186737
Test 108, loss: 1.120492, test acc: 0.630654, test avg acc: 0.197830
Train 109, loss: 1.168397, train acc: 0.585362, train avg acc: 0.182722
Test 109, loss: 1.132477, test acc: 0.602043, test avg acc: 0.184114
Train 110, loss: 1.173140, train acc: 0.587750, train avg acc: 0.183214
Test 110, loss: 1.249381, test acc: 0.504153, test avg acc: 0.147969
Train 111, loss: 1.221130, train acc: 0.558818, train avg acc: 0.175182
Test 111, loss: 1.313564, test acc: 0.455235, test avg acc: 0.144659
Train 112, loss: 1.185779, train acc: 0.569522, train avg acc: 0.178617
Test 112, loss: 1.135855, test acc: 0.573045, test avg acc: 0.192456
Train 113, loss: 1.192446, train acc: 0.570473, train avg acc: 0.178703
Test 113, loss: 1.137175, test acc: 0.582896, test avg acc: 0.181783
Train 114, loss: 1.186577, train acc: 0.577452, train avg acc: 0.180813
Test 114, loss: 2.183602, test acc: 0.446758, test avg acc: 0.161363
Train 115, loss: 1.170514, train acc: 0.582764, train avg acc: 0.182869
Test 115, loss: 1.178498, test acc: 0.593042, test avg acc: 0.186736
Train 116, loss: 1.142854, train acc: 0.597375, train avg acc: 0.188304
Test 116, loss: 1.205587, test acc: 0.554361, test avg acc: 0.174652
Train 117, loss: 1.146214, train acc: 0.597946, train avg acc: 0.187150
Test 117, loss: 1.113526, test acc: 0.588926, test avg acc: 0.165145
Train 118, loss: 1.125832, train acc: 0.608027, train avg acc: 0.188747
Test 118, loss: 1.059150, test acc: 0.640960, test avg acc: 0.206674
Train 119, loss: 1.134449, train acc: 0.607184, train avg acc: 0.190493
Test 119, loss: 1.143556, test acc: 0.575502, test avg acc: 0.189991
Train 120, loss: 1.132349, train acc: 0.604825, train avg acc: 0.191241
Test 120, loss: 1.132053, test acc: 0.596208, test avg acc: 0.179905
Train 121, loss: 1.133804, train acc: 0.607445, train avg acc: 0.190418
Test 121, loss: 1.065043, test acc: 0.633631, test avg acc: 0.202513
Train 122, loss: 1.125966, train acc: 0.613025, train avg acc: 0.192995
Test 122, loss: 1.163262, test acc: 0.580768, test avg acc: 0.163772
Train 123, loss: 1.122640, train acc: 0.608361, train avg acc: 0.188213
Test 123, loss: 1.131650, test acc: 0.592358, test avg acc: 0.166905
Train 124, loss: 1.138569, train acc: 0.599903, train avg acc: 0.186856
Test 124, loss: 1.139707, test acc: 0.587089, test avg acc: 0.165269
Train 125, loss: 1.096892, train acc: 0.624764, train avg acc: 0.195891
Test 125, loss: 1.143632, test acc: 0.580806, test avg acc: 0.170971
Train 126, loss: 1.123746, train acc: 0.610961, train avg acc: 0.190551
Test 126, loss: 1.073032, test acc: 0.630374, test avg acc: 0.195576
Train 127, loss: 1.102222, train acc: 0.623033, train avg acc: 0.195240
Test 127, loss: 1.122090, test acc: 0.599124, test avg acc: 0.170021
Train 128, loss: 1.119360, train acc: 0.604326, train avg acc: 0.188804
Test 128, loss: 1.060699, test acc: 0.651314, test avg acc: 0.207269
Train 129, loss: 1.105010, train acc: 0.622678, train avg acc: 0.195400
Test 129, loss: 1.067615, test acc: 0.614243, test avg acc: 0.205579
Train 130, loss: 1.118579, train acc: 0.611399, train avg acc: 0.192049
Test 130, loss: 1.459686, test acc: 0.479400, test avg acc: 0.165161
Train 131, loss: 1.152776, train acc: 0.589369, train avg acc: 0.185246
Test 131, loss: 1.102550, test acc: 0.616380, test avg acc: 0.199530
Train 132, loss: 1.126643, train acc: 0.609780, train avg acc: 0.190558
Test 132, loss: 1.088470, test acc: 0.621181, test avg acc: 0.195326
Train 133, loss: 1.121885, train acc: 0.603260, train avg acc: 0.188563
Test 133, loss: 1.040835, test acc: 0.646019, test avg acc: 0.208052
Train 134, loss: 1.104245, train acc: 0.610570, train avg acc: 0.189554
Test 134, loss: 1.066291, test acc: 0.620368, test avg acc: 0.201212
Train 135, loss: 1.116483, train acc: 0.619364, train avg acc: 0.195587
Test 135, loss: 1.150535, test acc: 0.604923, test avg acc: 0.198875
Train 136, loss: 1.093638, train acc: 0.625333, train avg acc: 0.197610
Test 136, loss: 1.112301, test acc: 0.600412, test avg acc: 0.168547
Train 137, loss: 1.084680, train acc: 0.627902, train avg acc: 0.198133
Test 137, loss: 1.098112, test acc: 0.605734, test avg acc: 0.196280
Train 138, loss: 1.088260, train acc: 0.624733, train avg acc: 0.196603
Test 138, loss: 1.084670, test acc: 0.641041, test avg acc: 0.206630
Train 139, loss: 1.101600, train acc: 0.624623, train avg acc: 0.196623
Test 139, loss: 1.500443, test acc: 0.533348, test avg acc: 0.157283
Train 140, loss: 1.110228, train acc: 0.618561, train avg acc: 0.194556
Test 140, loss: 1.925886, test acc: 0.541824, test avg acc: 0.192634
Train 141, loss: 1.107168, train acc: 0.621673, train avg acc: 0.195816
Test 141, loss: 1.192800, test acc: 0.559964, test avg acc: 0.189859
Train 142, loss: 1.076082, train acc: 0.628087, train avg acc: 0.197216
Test 142, loss: 1.027072, test acc: 0.654457, test avg acc: 0.197930
Train 143, loss: 1.067493, train acc: 0.640819, train avg acc: 0.202227
Test 143, loss: 1.035595, test acc: 0.634549, test avg acc: 0.211104
Train 144, loss: 1.071684, train acc: 0.639835, train avg acc: 0.202965
Test 144, loss: 1.157189, test acc: 0.583572, test avg acc: 0.193340
Train 145, loss: 1.104628, train acc: 0.624153, train avg acc: 0.196556
Test 145, loss: 1.085337, test acc: 0.612778, test avg acc: 0.203401
Train 146, loss: 1.070958, train acc: 0.637104, train avg acc: 0.201227
Test 146, loss: 1.167204, test acc: 0.582994, test avg acc: 0.194652
Train 147, loss: 1.073632, train acc: 0.633639, train avg acc: 0.200294
Test 147, loss: 1.012077, test acc: 0.676683, test avg acc: 0.216259
Train 148, loss: 1.073127, train acc: 0.641373, train avg acc: 0.203398
Test 148, loss: 1.090631, test acc: 0.640890, test avg acc: 0.194216
Train 149, loss: 1.088200, train acc: 0.628390, train avg acc: 0.198533
Test 149, loss: 1.073783, test acc: 0.629623, test avg acc: 0.209343
Train 150, loss: 1.100689, train acc: 0.625744, train avg acc: 0.198317
Test 150, loss: 1.098264, test acc: 0.612486, test avg acc: 0.185391
Train 151, loss: 1.067842, train acc: 0.640712, train avg acc: 0.202144
Test 151, loss: 1.015547, test acc: 0.664389, test avg acc: 0.213635
Train 152, loss: 1.064137, train acc: 0.641096, train avg acc: 0.203063
Test 152, loss: 1.174092, test acc: 0.587146, test avg acc: 0.169627
Train 153, loss: 1.072984, train acc: 0.637872, train avg acc: 0.201443
Test 153, loss: 1.076901, test acc: 0.606686, test avg acc: 0.177244
Train 154, loss: 1.089863, train acc: 0.628741, train avg acc: 0.198128
Test 154, loss: 1.033047, test acc: 0.644421, test avg acc: 0.208584
Train 155, loss: 1.088396, train acc: 0.632262, train avg acc: 0.199730
Test 155, loss: 1.103786, test acc: 0.598314, test avg acc: 0.187486
Train 156, loss: 1.074256, train acc: 0.635310, train avg acc: 0.201527
Test 156, loss: 1.061957, test acc: 0.634509, test avg acc: 0.210115
Train 157, loss: 1.068186, train acc: 0.635941, train avg acc: 0.200697
Test 157, loss: 1.036710, test acc: 0.625604, test avg acc: 0.186369
Train 158, loss: 1.072714, train acc: 0.638194, train avg acc: 0.201113
Test 158, loss: 1.036804, test acc: 0.646649, test avg acc: 0.196703
Train 159, loss: 1.083216, train acc: 0.626376, train avg acc: 0.197076
Test 159, loss: 1.081212, test acc: 0.593420, test avg acc: 0.168929
Train 160, loss: 1.062893, train acc: 0.637644, train avg acc: 0.200595
Test 160, loss: 1.086125, test acc: 0.615008, test avg acc: 0.182512
Train 161, loss: 1.060832, train acc: 0.636598, train avg acc: 0.199709
Test 161, loss: 1.132099, test acc: 0.580613, test avg acc: 0.165709
Train 162, loss: 1.087492, train acc: 0.629397, train avg acc: 0.198375
Test 162, loss: 1.099670, test acc: 0.596834, test avg acc: 0.201378
Train 163, loss: 1.054856, train acc: 0.644332, train avg acc: 0.203948
Test 163, loss: 1.052151, test acc: 0.648875, test avg acc: 0.213164
Train 164, loss: 1.056072, train acc: 0.644312, train avg acc: 0.202657
Test 164, loss: 0.996336, test acc: 0.666855, test avg acc: 0.210444
Train 165, loss: 1.054887, train acc: 0.645115, train avg acc: 0.203138
Test 165, loss: 0.998996, test acc: 0.683647, test avg acc: 0.214322
Train 166, loss: 1.051098, train acc: 0.646102, train avg acc: 0.203984
Test 166, loss: 1.115074, test acc: 0.588595, test avg acc: 0.168776
Train 167, loss: 1.057594, train acc: 0.641400, train avg acc: 0.202706
Test 167, loss: 0.985980, test acc: 0.679299, test avg acc: 0.214608
Train 168, loss: 1.064108, train acc: 0.637490, train avg acc: 0.200128
Test 168, loss: 1.221462, test acc: 0.577350, test avg acc: 0.191300
Train 169, loss: 1.065035, train acc: 0.636212, train avg acc: 0.200533
Test 169, loss: 1.039808, test acc: 0.632089, test avg acc: 0.208699
Train 170, loss: 1.057232, train acc: 0.638538, train avg acc: 0.201187
Test 170, loss: 1.048673, test acc: 0.623258, test avg acc: 0.201908
Train 171, loss: 1.075351, train acc: 0.636024, train avg acc: 0.201040
Test 171, loss: 0.994768, test acc: 0.678888, test avg acc: 0.219235
Train 172, loss: 1.065419, train acc: 0.640828, train avg acc: 0.202565
Test 172, loss: 1.079136, test acc: 0.602774, test avg acc: 0.171118
Train 173, loss: 1.047018, train acc: 0.642746, train avg acc: 0.202574
Test 173, loss: 0.999208, test acc: 0.668636, test avg acc: 0.217357
Train 174, loss: 1.035165, train acc: 0.652728, train avg acc: 0.206727
Test 174, loss: 0.998339, test acc: 0.675206, test avg acc: 0.212605
Train 175, loss: 1.035418, train acc: 0.653968, train avg acc: 0.207540
Test 175, loss: 0.964170, test acc: 0.690534, test avg acc: 0.220759
Train 176, loss: 1.041995, train acc: 0.647626, train avg acc: 0.204598
Test 176, loss: 0.984421, test acc: 0.679834, test avg acc: 0.219007
Train 177, loss: 1.038252, train acc: 0.653745, train avg acc: 0.207445
Test 177, loss: 0.975321, test acc: 0.687269, test avg acc: 0.219698
Train 178, loss: 1.040295, train acc: 0.648141, train avg acc: 0.204836
Test 178, loss: 0.994366, test acc: 0.663596, test avg acc: 0.212825
Train 179, loss: 1.039304, train acc: 0.648835, train avg acc: 0.204763
Test 179, loss: 0.978389, test acc: 0.680014, test avg acc: 0.218330
Train 180, loss: 1.052783, train acc: 0.644744, train avg acc: 0.202968
Test 180, loss: 0.981292, test acc: 0.666777, test avg acc: 0.210128
Train 181, loss: 1.036155, train acc: 0.651160, train avg acc: 0.206351
Test 181, loss: 1.069120, test acc: 0.638184, test avg acc: 0.210071
Train 182, loss: 1.026606, train acc: 0.650842, train avg acc: 0.205762
Test 182, loss: 0.998320, test acc: 0.668534, test avg acc: 0.218721
Train 183, loss: 1.028731, train acc: 0.658118, train avg acc: 0.208088
Test 183, loss: 0.980358, test acc: 0.679371, test avg acc: 0.213893
Train 184, loss: 1.020052, train acc: 0.664172, train avg acc: 0.210401
Test 184, loss: 1.034327, test acc: 0.630171, test avg acc: 0.186912
Train 185, loss: 1.046977, train acc: 0.647954, train avg acc: 0.204571
Test 185, loss: 1.000673, test acc: 0.681934, test avg acc: 0.217359
Train 186, loss: 1.024900, train acc: 0.655211, train avg acc: 0.207085
Test 186, loss: 0.999333, test acc: 0.658457, test avg acc: 0.215911
Train 187, loss: 1.024540, train acc: 0.650908, train avg acc: 0.205932
Test 187, loss: 0.981030, test acc: 0.664120, test avg acc: 0.215766
Train 188, loss: 1.029181, train acc: 0.651274, train avg acc: 0.205148
Test 188, loss: 0.978522, test acc: 0.673360, test avg acc: 0.217284
Train 189, loss: 1.027792, train acc: 0.653170, train avg acc: 0.206693
Test 189, loss: 0.987838, test acc: 0.673498, test avg acc: 0.206668
Train 190, loss: 1.025245, train acc: 0.658194, train avg acc: 0.208135
Test 190, loss: 1.010627, test acc: 0.644203, test avg acc: 0.193867
Train 191, loss: 1.014561, train acc: 0.656893, train avg acc: 0.207875
Test 191, loss: 0.961897, test acc: 0.682226, test avg acc: 0.221561
Train 192, loss: 1.015818, train acc: 0.654718, train avg acc: 0.206846
Test 192, loss: 1.030487, test acc: 0.640833, test avg acc: 0.192290
Train 193, loss: 1.011322, train acc: 0.661649, train avg acc: 0.209154
Test 193, loss: 1.002174, test acc: 0.639638, test avg acc: 0.213250
Train 194, loss: 1.019991, train acc: 0.659425, train avg acc: 0.209305
Test 194, loss: 0.980401, test acc: 0.675706, test avg acc: 0.208893
Train 195, loss: 1.002102, train acc: 0.666326, train avg acc: 0.211224
Test 195, loss: 0.965999, test acc: 0.681254, test avg acc: 0.220956
Train 196, loss: 1.013309, train acc: 0.658283, train avg acc: 0.207924
Test 196, loss: 1.024680, test acc: 0.645054, test avg acc: 0.198875
Train 197, loss: 1.022634, train acc: 0.659069, train avg acc: 0.209833
Test 197, loss: 0.984447, test acc: 0.665235, test avg acc: 0.203692
Train 198, loss: 1.012054, train acc: 0.660250, train avg acc: 0.209145
Test 198, loss: 0.963807, test acc: 0.681710, test avg acc: 0.214462
Train 199, loss: 1.011392, train acc: 0.665998, train avg acc: 0.211183
Test 199, loss: 0.996418, test acc: 0.654008, test avg acc: 0.202774
Train 200, loss: 1.009184, train acc: 0.657582, train avg acc: 0.208822
Test 200, loss: 0.943771, test acc: 0.685903, test avg acc: 0.214947
Train 201, loss: 1.015032, train acc: 0.655775, train avg acc: 0.207620
Test 201, loss: 0.952720, test acc: 0.693566, test avg acc: 0.225490
Train 202, loss: 0.997599, train acc: 0.669109, train avg acc: 0.211000
Test 202, loss: 0.947232, test acc: 0.697147, test avg acc: 0.225243
Train 203, loss: 0.986335, train acc: 0.673744, train avg acc: 0.213752
Test 203, loss: 0.948860, test acc: 0.677867, test avg acc: 0.219615
Train 204, loss: 0.990345, train acc: 0.668992, train avg acc: 0.212403
Test 204, loss: 0.947928, test acc: 0.701327, test avg acc: 0.223468
Train 205, loss: 0.981157, train acc: 0.673486, train avg acc: 0.213614
Test 205, loss: 0.942772, test acc: 0.688711, test avg acc: 0.223344
Train 206, loss: 1.009299, train acc: 0.660745, train avg acc: 0.209147
Test 206, loss: 0.949883, test acc: 0.694202, test avg acc: 0.221602
Train 207, loss: 0.994628, train acc: 0.667565, train avg acc: 0.212094
Test 207, loss: 0.944665, test acc: 0.686471, test avg acc: 0.220045
Train 208, loss: 0.992890, train acc: 0.670557, train avg acc: 0.212575
Test 208, loss: 0.954913, test acc: 0.686412, test avg acc: 0.224617
Train 209, loss: 0.988172, train acc: 0.672092, train avg acc: 0.214063
Test 209, loss: 0.972080, test acc: 0.669500, test avg acc: 0.220235
Train 210, loss: 0.983227, train acc: 0.674944, train avg acc: 0.213688
Test 210, loss: 0.989942, test acc: 0.647494, test avg acc: 0.193482
Train 211, loss: 0.986575, train acc: 0.670779, train avg acc: 0.212760
Test 211, loss: 0.956642, test acc: 0.674391, test avg acc: 0.210230
Train 212, loss: 0.995460, train acc: 0.669498, train avg acc: 0.212201
Test 212, loss: 0.936168, test acc: 0.693475, test avg acc: 0.218253
Train 213, loss: 0.980355, train acc: 0.674534, train avg acc: 0.214075
Test 213, loss: 0.922828, test acc: 0.696282, test avg acc: 0.220764
Train 214, loss: 0.986496, train acc: 0.671660, train avg acc: 0.213155
Test 214, loss: 0.926067, test acc: 0.698405, test avg acc: 0.219774
Train 215, loss: 0.983726, train acc: 0.672020, train avg acc: 0.212551
Test 215, loss: 0.927177, test acc: 0.705103, test avg acc: 0.224038
Train 216, loss: 0.981100, train acc: 0.672845, train avg acc: 0.213246
Test 216, loss: 0.934774, test acc: 0.695131, test avg acc: 0.219976
Train 217, loss: 0.980242, train acc: 0.675132, train avg acc: 0.213864
Test 217, loss: 0.949271, test acc: 0.673505, test avg acc: 0.208044
Train 218, loss: 0.974987, train acc: 0.675771, train avg acc: 0.215366
Test 218, loss: 0.957459, test acc: 0.662670, test avg acc: 0.201094
Train 219, loss: 0.988926, train acc: 0.674168, train avg acc: 0.214534
Test 219, loss: 0.951208, test acc: 0.674516, test avg acc: 0.208251
Train 220, loss: 0.989403, train acc: 0.666644, train avg acc: 0.211644
Test 220, loss: 0.923646, test acc: 0.694881, test avg acc: 0.219820
Train 221, loss: 0.972795, train acc: 0.677971, train avg acc: 0.215509
Test 221, loss: 0.928641, test acc: 0.684582, test avg acc: 0.211860
Train 222, loss: 0.973676, train acc: 0.677427, train avg acc: 0.214583
Test 222, loss: 0.932711, test acc: 0.686190, test avg acc: 0.216217
Train 223, loss: 0.967402, train acc: 0.676764, train avg acc: 0.215218
Test 223, loss: 0.917627, test acc: 0.703550, test avg acc: 0.225088
Train 224, loss: 0.962167, train acc: 0.677305, train avg acc: 0.214856
Test 224, loss: 0.910310, test acc: 0.696555, test avg acc: 0.223015
Train 225, loss: 0.966102, train acc: 0.681686, train avg acc: 0.216262
Test 225, loss: 0.947021, test acc: 0.672971, test avg acc: 0.208368
Train 226, loss: 0.959318, train acc: 0.680486, train avg acc: 0.216841
Test 226, loss: 0.951418, test acc: 0.676940, test avg acc: 0.207850
Train 227, loss: 0.966811, train acc: 0.680122, train avg acc: 0.216022
Test 227, loss: 0.918701, test acc: 0.695015, test avg acc: 0.225970
Train 228, loss: 0.965917, train acc: 0.678225, train avg acc: 0.215147
Test 228, loss: 0.930690, test acc: 0.691159, test avg acc: 0.218179
Train 229, loss: 0.972959, train acc: 0.679005, train avg acc: 0.215842
Test 229, loss: 0.922180, test acc: 0.706198, test avg acc: 0.230065
Train 230, loss: 0.973777, train acc: 0.678819, train avg acc: 0.215713
Test 230, loss: 0.927127, test acc: 0.697441, test avg acc: 0.225029
Train 231, loss: 0.970874, train acc: 0.676940, train avg acc: 0.215035
Test 231, loss: 0.923695, test acc: 0.696362, test avg acc: 0.224292
Train 232, loss: 0.963128, train acc: 0.677741, train avg acc: 0.215039
Test 232, loss: 0.919946, test acc: 0.694706, test avg acc: 0.220354
Train 233, loss: 0.964604, train acc: 0.679015, train avg acc: 0.216155
Test 233, loss: 0.929700, test acc: 0.684002, test avg acc: 0.213802
Train 234, loss: 0.965065, train acc: 0.680748, train avg acc: 0.216059
Test 234, loss: 0.923991, test acc: 0.702565, test avg acc: 0.222934
Train 235, loss: 0.962693, train acc: 0.676680, train avg acc: 0.215578
Test 235, loss: 0.907487, test acc: 0.704707, test avg acc: 0.226188
Train 236, loss: 0.965143, train acc: 0.678967, train avg acc: 0.216100
Test 236, loss: 0.917818, test acc: 0.699531, test avg acc: 0.220004
Train 237, loss: 0.957798, train acc: 0.684687, train avg acc: 0.217851
Test 237, loss: 0.929983, test acc: 0.680605, test avg acc: 0.210884
Train 238, loss: 0.956064, train acc: 0.682553, train avg acc: 0.216511
Test 238, loss: 0.909602, test acc: 0.694471, test avg acc: 0.218981
Train 239, loss: 0.962955, train acc: 0.682624, train avg acc: 0.216651
Test 239, loss: 0.949296, test acc: 0.671512, test avg acc: 0.205178
Train 240, loss: 0.951086, train acc: 0.685156, train avg acc: 0.218228
Test 240, loss: 0.904301, test acc: 0.704794, test avg acc: 0.222970
Train 241, loss: 0.956407, train acc: 0.685205, train avg acc: 0.217346
Test 241, loss: 0.922839, test acc: 0.685905, test avg acc: 0.214335
Train 242, loss: 0.954755, train acc: 0.683256, train avg acc: 0.216995
Test 242, loss: 0.914653, test acc: 0.696345, test avg acc: 0.218605
Train 243, loss: 0.955374, train acc: 0.682730, train avg acc: 0.217717
Test 243, loss: 0.916494, test acc: 0.690648, test avg acc: 0.215549
Train 244, loss: 0.949164, train acc: 0.687365, train avg acc: 0.218786
Test 244, loss: 0.923051, test acc: 0.689684, test avg acc: 0.214317
Train 245, loss: 0.958678, train acc: 0.681067, train avg acc: 0.216144
Test 245, loss: 0.925893, test acc: 0.686283, test avg acc: 0.215266
Train 246, loss: 0.960669, train acc: 0.679265, train avg acc: 0.215622
Test 246, loss: 0.910918, test acc: 0.696429, test avg acc: 0.221563
Train 247, loss: 0.954053, train acc: 0.685151, train avg acc: 0.218127
Test 247, loss: 0.927057, test acc: 0.682882, test avg acc: 0.213132
Train 248, loss: 0.964472, train acc: 0.678447, train avg acc: 0.215560
Test 248, loss: 0.908104, test acc: 0.704369, test avg acc: 0.227245
Train 249, loss: 0.957468, train acc: 0.680093, train avg acc: 0.215612
Test 249, loss: 0.895386, test acc: 0.714788, test avg acc: 0.227885
Namespace(add_features=False, batch_size=32, dataset='parislille', dropout=0.5, emb_dims=1024, epochs=250, eval=False, exp_name='Paris_Lille', grid_size=10, k=20, lr=0.001, model='dgcnnseg', model_path='', momentum=0.9, no_cuda=False, num_points=2048, seed=1, test_batch_size=16, use_sgd=True)
Using GPU : 0 from 1 devices
Train 0, loss: 1.494856, train acc: 0.359647, train avg acc: 0.114459
Test 0, loss: 1.414616, test acc: 0.344673, test avg acc: 0.099826
Train 1, loss: 1.427054, train acc: 0.372544, train avg acc: 0.118791
Test 1, loss: 1.393098, test acc: 0.406416, test avg acc: 0.140171
Train 2, loss: 1.408606, train acc: 0.379741, train avg acc: 0.120212
Test 2, loss: 1.398719, test acc: 0.388030, test avg acc: 0.135384
Train 3, loss: 1.407532, train acc: 0.385370, train avg acc: 0.125081
Test 3, loss: 1.440007, test acc: 0.378245, test avg acc: 0.103597
Train 4, loss: 1.399016, train acc: 0.389908, train avg acc: 0.123806
Test 4, loss: 1.394068, test acc: 0.397079, test avg acc: 0.136120
Train 5, loss: 1.397198, train acc: 0.384953, train avg acc: 0.123729
Test 5, loss: 1.350296, test acc: 0.417927, test avg acc: 0.139958
Train 6, loss: 1.388903, train acc: 0.405589, train avg acc: 0.128463
Test 6, loss: 1.368267, test acc: 0.399634, test avg acc: 0.138034
Train 7, loss: 1.395951, train acc: 0.401141, train avg acc: 0.127498
Test 7, loss: 1.386504, test acc: 0.385659, test avg acc: 0.112095
Train 8, loss: 1.376479, train acc: 0.422846, train avg acc: 0.133518
Test 8, loss: 1.393236, test acc: 0.425070, test avg acc: 0.141546
Train 9, loss: 1.379540, train acc: 0.411012, train avg acc: 0.130809
Test 9, loss: 1.446727, test acc: 0.399562, test avg acc: 0.139697
Train 10, loss: 1.391616, train acc: 0.409341, train avg acc: 0.131214
Test 10, loss: 1.365052, test acc: 0.422310, test avg acc: 0.140766
Train 11, loss: 1.373066, train acc: 0.417469, train avg acc: 0.134726
Test 11, loss: 1.355193, test acc: 0.443047, test avg acc: 0.151985
Train 12, loss: 1.380165, train acc: 0.415951, train avg acc: 0.133901
Test 12, loss: 1.371926, test acc: 0.433472, test avg acc: 0.142919
Train 13, loss: 1.367929, train acc: 0.425454, train avg acc: 0.135225
Test 13, loss: 1.450857, test acc: 0.401234, test avg acc: 0.140575
Train 14, loss: 1.367871, train acc: 0.424928, train avg acc: 0.136381
Test 14, loss: 1.320928, test acc: 0.434155, test avg acc: 0.143915
Train 15, loss: 1.365321, train acc: 0.430610, train avg acc: 0.137507
Test 15, loss: 1.345332, test acc: 0.437423, test avg acc: 0.143952
Train 16, loss: 1.367208, train acc: 0.435142, train avg acc: 0.138887
Test 16, loss: 1.344929, test acc: 0.443630, test avg acc: 0.143197
Train 17, loss: 1.363733, train acc: 0.425679, train avg acc: 0.136633
Test 17, loss: 1.359460, test acc: 0.459881, test avg acc: 0.151731
Train 18, loss: 1.351503, train acc: 0.444836, train avg acc: 0.143207
Test 18, loss: 1.359791, test acc: 0.414117, test avg acc: 0.138140
Train 19, loss: 1.336759, train acc: 0.458389, train avg acc: 0.146180
Test 19, loss: 1.465956, test acc: 0.390935, test avg acc: 0.135892
Train 20, loss: 1.346508, train acc: 0.450156, train avg acc: 0.143520
Test 20, loss: 1.335003, test acc: 0.442628, test avg acc: 0.152330
Train 21, loss: 1.335755, train acc: 0.458954, train avg acc: 0.145510
Test 21, loss: 1.316481, test acc: 0.448799, test avg acc: 0.157243
Train 22, loss: 1.350408, train acc: 0.439799, train avg acc: 0.141676
Test 22, loss: 1.323981, test acc: 0.449825, test avg acc: 0.146231
Train 23, loss: 1.339340, train acc: 0.455315, train avg acc: 0.144530
Test 23, loss: 1.408345, test acc: 0.383025, test avg acc: 0.138769
Train 24, loss: 1.342959, train acc: 0.446912, train avg acc: 0.143087
Test 24, loss: 1.585800, test acc: 0.440606, test avg acc: 0.146059
Train 25, loss: 1.339110, train acc: 0.449468, train avg acc: 0.143517
Test 25, loss: 1.311291, test acc: 0.471656, test avg acc: 0.162953
Train 26, loss: 1.327138, train acc: 0.464016, train avg acc: 0.148691
Test 26, loss: 1.291982, test acc: 0.450475, test avg acc: 0.141738
Train 27, loss: 1.325697, train acc: 0.464589, train avg acc: 0.150060
Test 27, loss: 1.330156, test acc: 0.452559, test avg acc: 0.156596
Train 28, loss: 1.342771, train acc: 0.455144, train avg acc: 0.145708
Test 28, loss: 1.315824, test acc: 0.434202, test avg acc: 0.142507
Train 29, loss: 1.330081, train acc: 0.459136, train avg acc: 0.148451
Test 29, loss: 1.315131, test acc: 0.453700, test avg acc: 0.144505
Train 30, loss: 1.336684, train acc: 0.450811, train avg acc: 0.144293
Test 30, loss: 1.307598, test acc: 0.454427, test avg acc: 0.133938
Train 31, loss: 1.330849, train acc: 0.455438, train avg acc: 0.146199
Test 31, loss: 1.338524, test acc: 0.455480, test avg acc: 0.135262
Train 32, loss: 1.321457, train acc: 0.467985, train avg acc: 0.150584
Test 32, loss: 1.318609, test acc: 0.446734, test avg acc: 0.136751
Train 33, loss: 1.332629, train acc: 0.457795, train avg acc: 0.146919
Test 33, loss: 1.401183, test acc: 0.425693, test avg acc: 0.120030
Train 34, loss: 1.337570, train acc: 0.458218, train avg acc: 0.147322
Test 34, loss: 1.291940, test acc: 0.485840, test avg acc: 0.162373
Train 35, loss: 1.323742, train acc: 0.451136, train avg acc: 0.143998
Test 35, loss: 1.488804, test acc: 0.418858, test avg acc: 0.122591
Train 36, loss: 1.316328, train acc: 0.477290, train avg acc: 0.152052
Test 36, loss: 1.327823, test acc: 0.453832, test avg acc: 0.150781
Train 37, loss: 1.317470, train acc: 0.462865, train avg acc: 0.149507
Test 37, loss: 1.292249, test acc: 0.471342, test avg acc: 0.153960
Train 38, loss: 1.332094, train acc: 0.454221, train avg acc: 0.145303
Test 38, loss: 1.301803, test acc: 0.486067, test avg acc: 0.155214
Train 39, loss: 1.332684, train acc: 0.451581, train avg acc: 0.144746
Test 39, loss: 1.315251, test acc: 0.435711, test avg acc: 0.128615
Train 40, loss: 1.324523, train acc: 0.456615, train avg acc: 0.147067
Test 40, loss: 1.305190, test acc: 0.443601, test avg acc: 0.140509
Train 41, loss: 1.314848, train acc: 0.469162, train avg acc: 0.150973
Test 41, loss: 1.333654, test acc: 0.448181, test avg acc: 0.141906
Train 42, loss: 1.327100, train acc: 0.452180, train avg acc: 0.145550
Test 42, loss: 1.389334, test acc: 0.456292, test avg acc: 0.143656
Train 43, loss: 1.324735, train acc: 0.467500, train avg acc: 0.149125
Test 43, loss: 1.325658, test acc: 0.452789, test avg acc: 0.134918
Train 44, loss: 1.317425, train acc: 0.476172, train avg acc: 0.153011
Test 44, loss: 1.286584, test acc: 0.483046, test avg acc: 0.157673
Train 45, loss: 1.325227, train acc: 0.464979, train avg acc: 0.148613
Test 45, loss: 1.252368, test acc: 0.496050, test avg acc: 0.160705
Train 46, loss: 1.317652, train acc: 0.466486, train avg acc: 0.149477
Test 46, loss: 1.332961, test acc: 0.420199, test avg acc: 0.145450
Train 47, loss: 1.324265, train acc: 0.461419, train avg acc: 0.148170
Test 47, loss: 1.327151, test acc: 0.449373, test avg acc: 0.141738
Train 48, loss: 1.303224, train acc: 0.475841, train avg acc: 0.153408
Test 48, loss: 1.311102, test acc: 0.462678, test avg acc: 0.145844
Train 49, loss: 1.313570, train acc: 0.458031, train avg acc: 0.147949
Test 49, loss: 1.257375, test acc: 0.494183, test avg acc: 0.164904
Train 50, loss: 1.307208, train acc: 0.468467, train avg acc: 0.149027
Namespace(add_features=False, batch_size=32, dataset='parislille', dropout=0.5, emb_dims=1024, epochs=250, eval=False, exp_name='Paris_Lille', grid_size=10, k=20, lr=0.001, model='dgcnnseg', model_path='', momentum=0.9, no_cuda=False, num_points=2048, seed=1, test_batch_size=16, use_sgd=True)
Using GPU : 0 from 1 devices
