Namespace(aggregation='max', angle=0, batch_size=32, dataset='modelnet40', dropout=0.5, emb_dims=1024, epochs=50, eval=False, exp_name='grid_sub_max_1024', grid_samp=True, k=20, lr=0.001, model='dgcnn', model_path='', momentum=0.9, no_cuda=False, num_points=1024, seed=1, sigma=0, test_batch_size=16, use_sgd=True)
Using GPU : 0 from 1 devices
Train 0, loss: 2.857840, train acc: 0.405334, train avg acc: 0.227667
Test 0, loss: 2.355034, test acc: 0.538898, test avg acc: 0.402285
Train 1, loss: 2.276092, train acc: 0.606067, train avg acc: 0.416643
Test 1, loss: 2.039675, test acc: 0.696515, test avg acc: 0.537029
Train 2, loss: 2.129557, train acc: 0.664495, train avg acc: 0.495219
Test 2, loss: 1.915297, test acc: 0.753647, test avg acc: 0.636140
Train 3, loss: 2.034983, train acc: 0.712235, train avg acc: 0.555209
Test 3, loss: 1.911302, test acc: 0.762156, test avg acc: 0.648058
Train 4, loss: 1.962179, train acc: 0.742060, train avg acc: 0.604592
Test 4, loss: 1.818196, test acc: 0.811183, test avg acc: 0.733512
Train 5, loss: 1.913942, train acc: 0.759467, train avg acc: 0.630033
Test 5, loss: 1.794115, test acc: 0.797407, test avg acc: 0.677471
Train 6, loss: 1.880299, train acc: 0.777280, train avg acc: 0.655075
Test 6, loss: 1.727600, test acc: 0.835900, test avg acc: 0.729645
Train 7, loss: 1.841414, train acc: 0.796519, train avg acc: 0.682164
Test 7, loss: 1.709074, test acc: 0.833874, test avg acc: 0.744314
Train 8, loss: 1.808299, train acc: 0.810973, train avg acc: 0.708443
Test 8, loss: 1.721228, test acc: 0.831037, test avg acc: 0.725895
Train 9, loss: 1.795793, train acc: 0.813518, train avg acc: 0.707307
Test 9, loss: 1.669520, test acc: 0.850081, test avg acc: 0.775081
Train 10, loss: 1.784050, train acc: 0.818506, train avg acc: 0.718680
Test 10, loss: 1.651901, test acc: 0.859400, test avg acc: 0.802907
Train 11, loss: 1.761317, train acc: 0.830721, train avg acc: 0.738909
Test 11, loss: 1.673574, test acc: 0.859400, test avg acc: 0.790093
Train 12, loss: 1.749649, train acc: 0.831535, train avg acc: 0.737862
Test 12, loss: 1.625702, test acc: 0.869935, test avg acc: 0.777535
Train 13, loss: 1.732812, train acc: 0.836625, train avg acc: 0.747082
Test 13, loss: 1.691326, test acc: 0.846434, test avg acc: 0.781297
Train 14, loss: 1.718917, train acc: 0.842936, train avg acc: 0.758210
Test 14, loss: 1.627327, test acc: 0.870340, test avg acc: 0.775872
Train 15, loss: 1.701955, train acc: 0.853318, train avg acc: 0.773285
Test 15, loss: 1.649657, test acc: 0.859806, test avg acc: 0.815820
Train 16, loss: 1.695535, train acc: 0.854235, train avg acc: 0.774990
Test 16, loss: 1.603840, test acc: 0.873582, test avg acc: 0.802564
Train 17, loss: 1.687122, train acc: 0.859324, train avg acc: 0.783643
Test 17, loss: 1.624299, test acc: 0.871151, test avg acc: 0.779477
Train 18, loss: 1.674558, train acc: 0.858917, train avg acc: 0.778646
Test 18, loss: 1.584258, test acc: 0.887763, test avg acc: 0.816424
Train 19, loss: 1.664671, train acc: 0.866042, train avg acc: 0.789444
Test 19, loss: 1.621621, test acc: 0.866694, test avg acc: 0.810884
Train 20, loss: 1.649285, train acc: 0.872862, train avg acc: 0.801679
Test 20, loss: 1.578593, test acc: 0.882496, test avg acc: 0.828500
Train 21, loss: 1.643159, train acc: 0.871539, train avg acc: 0.800730
Test 21, loss: 1.590969, test acc: 0.864263, test avg acc: 0.803145
Train 22, loss: 1.637475, train acc: 0.873473, train avg acc: 0.806091
Test 22, loss: 1.560157, test acc: 0.885737, test avg acc: 0.837023
Train 23, loss: 1.634527, train acc: 0.875611, train avg acc: 0.807667
Test 23, loss: 1.560151, test acc: 0.886953, test avg acc: 0.835314
Train 24, loss: 1.621427, train acc: 0.881209, train avg acc: 0.814436
Test 24, loss: 1.565009, test acc: 0.885737, test avg acc: 0.836750
Train 25, loss: 1.619489, train acc: 0.885281, train avg acc: 0.820760
Test 25, loss: 1.528534, test acc: 0.900324, test avg acc: 0.840506
Train 26, loss: 1.605670, train acc: 0.888436, train avg acc: 0.826756
Test 26, loss: 1.531551, test acc: 0.898703, test avg acc: 0.839331
Train 27, loss: 1.603560, train acc: 0.888029, train avg acc: 0.828649
Test 27, loss: 1.533917, test acc: 0.895867, test avg acc: 0.851134
Train 28, loss: 1.593788, train acc: 0.893221, train avg acc: 0.832828
Test 28, loss: 1.535903, test acc: 0.894652, test avg acc: 0.848512
Train 29, loss: 1.589139, train acc: 0.895358, train avg acc: 0.838328
Test 29, loss: 1.527213, test acc: 0.900324, test avg acc: 0.846419
Train 30, loss: 1.574914, train acc: 0.901568, train avg acc: 0.847570
Test 30, loss: 1.523910, test acc: 0.897488, test avg acc: 0.851791
Train 31, loss: 1.564300, train acc: 0.906555, train avg acc: 0.853350
Test 31, loss: 1.503627, test acc: 0.908833, test avg acc: 0.864203
Train 32, loss: 1.562591, train acc: 0.903909, train avg acc: 0.852822
Test 32, loss: 1.499645, test acc: 0.911264, test avg acc: 0.864709
Train 33, loss: 1.553865, train acc: 0.907675, train avg acc: 0.854761
Test 33, loss: 1.496697, test acc: 0.908428, test avg acc: 0.865297
Train 34, loss: 1.545180, train acc: 0.913172, train avg acc: 0.863474
Test 34, loss: 1.503229, test acc: 0.899514, test avg acc: 0.857552
Train 35, loss: 1.540412, train acc: 0.913477, train avg acc: 0.866379
Test 35, loss: 1.509288, test acc: 0.903160, test avg acc: 0.866390
Train 36, loss: 1.539894, train acc: 0.912968, train avg acc: 0.864107
Test 36, loss: 1.489742, test acc: 0.911264, test avg acc: 0.876465
Train 37, loss: 1.533620, train acc: 0.914393, train avg acc: 0.866197
Test 37, loss: 1.485293, test acc: 0.915721, test avg acc: 0.873785
Train 38, loss: 1.523373, train acc: 0.921722, train avg acc: 0.879755
Test 38, loss: 1.485291, test acc: 0.909643, test avg acc: 0.868837
Train 39, loss: 1.522880, train acc: 0.919788, train avg acc: 0.875907
Test 39, loss: 1.484562, test acc: 0.915316, test avg acc: 0.880006
Train 40, loss: 1.516241, train acc: 0.921213, train avg acc: 0.877720
Test 40, loss: 1.480802, test acc: 0.914100, test avg acc: 0.869215
Train 41, loss: 1.511650, train acc: 0.925081, train avg acc: 0.879830
Test 41, loss: 1.472336, test acc: 0.918152, test avg acc: 0.881581
Train 42, loss: 1.511692, train acc: 0.924369, train avg acc: 0.879619
Test 42, loss: 1.472105, test acc: 0.917342, test avg acc: 0.878372
Train 43, loss: 1.508974, train acc: 0.926914, train avg acc: 0.886749
Test 43, loss: 1.477313, test acc: 0.911669, test avg acc: 0.868331
Train 44, loss: 1.503688, train acc: 0.928033, train avg acc: 0.887841
Test 44, loss: 1.472621, test acc: 0.917342, test avg acc: 0.879291
Train 45, loss: 1.501967, train acc: 0.932410, train avg acc: 0.895307
Test 45, loss: 1.472336, test acc: 0.911669, test avg acc: 0.874587
Train 46, loss: 1.497599, train acc: 0.929662, train avg acc: 0.889203
Test 46, loss: 1.469381, test acc: 0.920989, test avg acc: 0.883913
Train 47, loss: 1.504867, train acc: 0.928033, train avg acc: 0.888767
Test 47, loss: 1.475567, test acc: 0.918558, test avg acc: 0.881703
Train 48, loss: 1.500588, train acc: 0.928644, train avg acc: 0.888704
Test 48, loss: 1.474582, test acc: 0.914911, test avg acc: 0.875791
Train 49, loss: 1.503444, train acc: 0.925896, train avg acc: 0.885908
Namespace(aggregation='max', angle=0, batch_size=32, dataset='modelnet40', dropout=0.5, emb_dims=1024, epochs=50, eval=False, exp_name='grid_sub_max_1024', grid_samp=True, k=20, lr=0.001, model='dgcnn', model_path='', momentum=0.9, no_cuda=False, num_points=1024, seed=1, sigma=0, test_batch_size=16, use_sgd=True)
Using GPU : 0 from 1 devices
Train 0, loss: 2.824588, train acc: 0.423453, train avg acc: 0.241261
Test 0, loss: 2.330548, test acc: 0.559157, test avg acc: 0.431930
Train 1, loss: 2.249705, train acc: 0.611665, train avg acc: 0.431694
Test 1, loss: 1.982573, test acc: 0.730146, test avg acc: 0.598087
Train 2, loss: 2.092235, train acc: 0.678644, train avg acc: 0.512111
Test 2, loss: 1.984246, test acc: 0.725284, test avg acc: 0.608506
Train 3, loss: 2.000124, train acc: 0.722618, train avg acc: 0.572727
Test 3, loss: 1.904851, test acc: 0.753647, test avg acc: 0.649366
Train 4, loss: 1.942866, train acc: 0.747150, train avg acc: 0.611375
Test 4, loss: 1.784211, test acc: 0.823339, test avg acc: 0.740192
Train 5, loss: 1.887575, train acc: 0.775346, train avg acc: 0.650579
Test 5, loss: 1.835277, test acc: 0.780389, test avg acc: 0.690948
Train 6, loss: 1.855574, train acc: 0.789393, train avg acc: 0.671575
Test 6, loss: 1.730705, test acc: 0.844003, test avg acc: 0.746151
Train 7, loss: 1.834241, train acc: 0.794483, train avg acc: 0.686706
Test 7, loss: 1.733257, test acc: 0.822123, test avg acc: 0.744663
Train 8, loss: 1.803432, train acc: 0.806494, train avg acc: 0.698857
Test 8, loss: 1.713734, test acc: 0.823339, test avg acc: 0.729180
Train 9, loss: 1.787457, train acc: 0.813111, train avg acc: 0.709264
Test 9, loss: 1.672495, test acc: 0.845624, test avg acc: 0.762773
Train 10, loss: 1.774268, train acc: 0.819320, train avg acc: 0.716006
Test 10, loss: 1.665106, test acc: 0.861426, test avg acc: 0.780203
Train 11, loss: 1.755632, train acc: 0.824919, train avg acc: 0.728833
Test 11, loss: 1.657072, test acc: 0.850486, test avg acc: 0.789017
Train 12, loss: 1.744394, train acc: 0.831230, train avg acc: 0.738780
Test 12, loss: 1.640312, test acc: 0.863047, test avg acc: 0.788035
Train 13, loss: 1.729959, train acc: 0.837846, train avg acc: 0.749268
Test 13, loss: 1.631117, test acc: 0.860211, test avg acc: 0.798407
Train 14, loss: 1.709032, train acc: 0.850774, train avg acc: 0.765850
Test 14, loss: 1.698992, test acc: 0.838331, test avg acc: 0.771401
Train 15, loss: 1.707188, train acc: 0.848127, train avg acc: 0.761517
Test 15, loss: 1.604214, test acc: 0.884117, test avg acc: 0.821727
Train 16, loss: 1.684666, train acc: 0.855252, train avg acc: 0.776014
Test 16, loss: 1.627941, test acc: 0.860616, test avg acc: 0.799023
Train 17, loss: 1.683792, train acc: 0.861971, train avg acc: 0.785862
Test 17, loss: 1.612843, test acc: 0.872771, test avg acc: 0.796686
Train 18, loss: 1.666862, train acc: 0.862581, train avg acc: 0.786474
Namespace(aggregation='max', angle=0, batch_size=32, dataset='modelnet40', dropout=0.5, emb_dims=1024, epochs=50, eval=False, exp_name='grid_sub_max_1024', grid_samp=True, k=20, lr=0.001, model='dgcnn', model_path='', momentum=0.9, no_cuda=False, num_points=1024, seed=1, sigma=0, test_batch_size=16, use_sgd=True)
Using GPU : 0 from 1 devices
Train 0, loss: 2.829501, train acc: 0.423147, train avg acc: 0.242434
Test 0, loss: 2.293269, test acc: 0.557942, test avg acc: 0.409750
Train 1, loss: 2.259758, train acc: 0.610138, train avg acc: 0.426120
Test 1, loss: 2.040780, test acc: 0.691248, test avg acc: 0.523110
Train 2, loss: 2.095454, train acc: 0.686686, train avg acc: 0.524119
Test 2, loss: 1.941704, test acc: 0.747164, test avg acc: 0.638936
Train 3, loss: 1.996781, train acc: 0.724959, train avg acc: 0.579822
Test 3, loss: 1.970579, test acc: 0.741491, test avg acc: 0.656924
Train 4, loss: 1.947932, train acc: 0.742875, train avg acc: 0.607556
Test 4, loss: 1.767911, test acc: 0.826175, test avg acc: 0.721523
Train 5, loss: 1.890623, train acc: 0.775550, train avg acc: 0.652328
Test 5, loss: 1.772956, test acc: 0.813209, test avg acc: 0.717924
Train 6, loss: 1.849345, train acc: 0.790106, train avg acc: 0.674456
Test 6, loss: 1.715008, test acc: 0.835900, test avg acc: 0.752285
Train 7, loss: 1.824024, train acc: 0.797028, train avg acc: 0.689888
Test 7, loss: 1.719009, test acc: 0.831848, test avg acc: 0.749302
Train 8, loss: 1.790990, train acc: 0.809548, train avg acc: 0.708752
Test 8, loss: 1.713903, test acc: 0.829011, test avg acc: 0.747860
Train 9, loss: 1.784840, train acc: 0.815452, train avg acc: 0.713288
Test 9, loss: 1.660459, test acc: 0.854943, test avg acc: 0.756523
Train 10, loss: 1.770284, train acc: 0.824613, train avg acc: 0.731549
Test 10, loss: 1.679315, test acc: 0.863857, test avg acc: 0.790023
Train 11, loss: 1.751038, train acc: 0.830212, train avg acc: 0.732404
Test 11, loss: 1.744372, test acc: 0.824149, test avg acc: 0.763267
Train 12, loss: 1.740414, train acc: 0.835607, train avg acc: 0.745246
Test 12, loss: 1.618012, test acc: 0.872771, test avg acc: 0.797023
Train 13, loss: 1.727880, train acc: 0.837235, train avg acc: 0.749192
Test 13, loss: 1.639264, test acc: 0.849271, test avg acc: 0.785233
Train 14, loss: 1.715823, train acc: 0.842936, train avg acc: 0.757507
Test 14, loss: 1.633338, test acc: 0.870340, test avg acc: 0.799192
Train 15, loss: 1.708440, train acc: 0.848432, train avg acc: 0.764314
Test 15, loss: 1.630895, test acc: 0.875203, test avg acc: 0.820483
Train 16, loss: 1.688117, train acc: 0.855660, train avg acc: 0.776021
Test 16, loss: 1.612141, test acc: 0.877229, test avg acc: 0.824227
Train 17, loss: 1.683123, train acc: 0.859629, train avg acc: 0.785163
Test 17, loss: 1.603366, test acc: 0.871556, test avg acc: 0.800942
Train 18, loss: 1.666401, train acc: 0.865737, train avg acc: 0.790232
Test 18, loss: 1.583575, test acc: 0.885332, test avg acc: 0.800058
Train 19, loss: 1.655111, train acc: 0.868180, train avg acc: 0.797088
Test 19, loss: 1.581441, test acc: 0.891410, test avg acc: 0.840634
Train 20, loss: 1.650517, train acc: 0.871437, train avg acc: 0.800563
Test 20, loss: 1.574273, test acc: 0.881686, test avg acc: 0.820802
Train 21, loss: 1.635994, train acc: 0.878359, train avg acc: 0.809427
Test 21, loss: 1.594785, test acc: 0.867504, test avg acc: 0.814140
Train 22, loss: 1.635593, train acc: 0.874186, train avg acc: 0.805369
Test 22, loss: 1.559800, test acc: 0.891815, test avg acc: 0.836756
Train 23, loss: 1.622293, train acc: 0.881820, train avg acc: 0.816942
Test 23, loss: 1.562101, test acc: 0.887763, test avg acc: 0.845215
Train 24, loss: 1.613168, train acc: 0.883652, train avg acc: 0.817741
Test 24, loss: 1.583125, test acc: 0.876013, test avg acc: 0.828023
Train 25, loss: 1.610770, train acc: 0.885383, train avg acc: 0.822671
Test 25, loss: 1.546223, test acc: 0.895867, test avg acc: 0.839506
Train 26, loss: 1.599142, train acc: 0.891185, train avg acc: 0.832911
Test 26, loss: 1.534581, test acc: 0.911264, test avg acc: 0.862081
Train 27, loss: 1.595130, train acc: 0.893831, train avg acc: 0.834936
Test 27, loss: 1.528929, test acc: 0.897488, test avg acc: 0.847506
Train 28, loss: 1.593175, train acc: 0.890269, train avg acc: 0.828502
Test 28, loss: 1.531742, test acc: 0.901540, test avg acc: 0.848250
Train 29, loss: 1.583108, train acc: 0.897598, train avg acc: 0.841061
Test 29, loss: 1.522977, test acc: 0.899919, test avg acc: 0.847343
Train 30, loss: 1.569982, train acc: 0.903502, train avg acc: 0.848234
Test 30, loss: 1.512882, test acc: 0.903160, test avg acc: 0.856337
Train 31, loss: 1.564900, train acc: 0.902586, train avg acc: 0.849018
Test 31, loss: 1.508669, test acc: 0.903566, test avg acc: 0.854756
Train 32, loss: 1.557884, train acc: 0.906250, train avg acc: 0.856298
Test 32, loss: 1.506920, test acc: 0.903160, test avg acc: 0.853634
Train 33, loss: 1.551561, train acc: 0.906352, train avg acc: 0.853752
Test 33, loss: 1.510200, test acc: 0.903971, test avg acc: 0.854797
Train 34, loss: 1.544880, train acc: 0.912968, train avg acc: 0.866749
Test 34, loss: 1.502556, test acc: 0.905592, test avg acc: 0.866721
Train 35, loss: 1.538881, train acc: 0.914190, train avg acc: 0.868697
Test 35, loss: 1.496471, test acc: 0.905186, test avg acc: 0.865099
Train 36, loss: 1.533999, train acc: 0.915920, train avg acc: 0.869454
Test 36, loss: 1.497603, test acc: 0.914100, test avg acc: 0.870837
Train 37, loss: 1.529173, train acc: 0.920908, train avg acc: 0.879288
Test 37, loss: 1.492109, test acc: 0.911264, test avg acc: 0.873971
Train 38, loss: 1.523130, train acc: 0.921722, train avg acc: 0.877899
Test 38, loss: 1.487026, test acc: 0.906807, test avg acc: 0.867506
Train 39, loss: 1.517754, train acc: 0.923351, train avg acc: 0.880327
Test 39, loss: 1.483788, test acc: 0.908023, test avg acc: 0.865884
Train 40, loss: 1.516540, train acc: 0.923147, train avg acc: 0.883896
Test 40, loss: 1.477798, test acc: 0.908428, test avg acc: 0.857506
Train 41, loss: 1.512084, train acc: 0.924878, train avg acc: 0.883895
Test 41, loss: 1.475914, test acc: 0.916937, test avg acc: 0.875081
Train 42, loss: 1.508146, train acc: 0.927219, train avg acc: 0.887574
Test 42, loss: 1.475196, test acc: 0.915316, test avg acc: 0.874047
Train 43, loss: 1.504998, train acc: 0.926099, train avg acc: 0.882584
Test 43, loss: 1.480607, test acc: 0.914100, test avg acc: 0.873669
Train 44, loss: 1.501689, train acc: 0.929153, train avg acc: 0.894090
Test 44, loss: 1.474647, test acc: 0.914100, test avg acc: 0.870041
Train 45, loss: 1.502861, train acc: 0.930171, train avg acc: 0.893000
Test 45, loss: 1.475038, test acc: 0.912075, test avg acc: 0.868581
Train 46, loss: 1.499870, train acc: 0.930884, train avg acc: 0.893103
Test 46, loss: 1.475207, test acc: 0.910049, test avg acc: 0.865087
Train 47, loss: 1.500321, train acc: 0.928542, train avg acc: 0.888557
Test 47, loss: 1.473217, test acc: 0.916532, test avg acc: 0.881541
Train 48, loss: 1.497510, train acc: 0.931698, train avg acc: 0.896678
Test 48, loss: 1.467914, test acc: 0.916937, test avg acc: 0.874831
Train 49, loss: 1.499605, train acc: 0.929764, train avg acc: 0.891781
Test 49, loss: 1.475498, test acc: 0.911264, test avg acc: 0.866128
Namespace(aggregation='max', angle=0, batch_size=32, dataset='modelnet40', dropout=0.5, emb_dims=1024, epochs=250, eval=True, exp_name='grid_sub_max_1024', grid_samp=False, k=20, lr=0.001, model='dgcnn', model_path='checkpoints/grid_sub_max_1024/models/model.t7', momentum=0.9, no_cuda=False, num_points=1024, seed=1, sigma=0, test_batch_size=16, use_sgd=True)
Using GPU : 0 from 1 devices
Test :: test acc: 0.873177, test avg acc: 0.846750
Namespace(aggregation='max', angle=0, batch_size=32, dataset='modelnet40', dropout=0.5, emb_dims=1024, epochs=250, eval=True, exp_name='grid_sub_max_1024', grid_samp=True, k=20, lr=0.001, model='dgcnn', model_path='checkpoints/grid_sub_max_1024/models/model.t7', momentum=0.9, no_cuda=False, num_points=1024, seed=1, sigma=0, test_batch_size=16, use_sgd=True)
Using GPU : 0 from 1 devices
Test :: test acc: 0.912480, test avg acc: 0.875006
Namespace(aggregation='max', angle=0, batch_size=32, dataset='modelnet40', dropout=0.5, emb_dims=1024, epochs=250, eval=True, exp_name='grid_sub_max_1024', grid_samp=True, k=20, lr=0.001, model='dgcnn', model_path='checkpoints/grid_sub_max_1024/models/model.t7', momentum=0.9, no_cuda=False, num_points=1024, seed=1, sigma=0, test_batch_size=16, use_sgd=True)
Using GPU : 0 from 1 devices
Test :: test acc: 0.914911, test avg acc: 0.871372
