Namespace(aggregation='max', angle=0, batch_size=32, dataset='modelnet40', dropout=0.5, emb_dims=1024, epochs=50, eval=False, exp_name='P', grid_samp=False, k=20, lr=0.001, model='pointnet', model_path='', momentum=0.9, no_cuda=False, num_points=1024, seed=1, sigma=0, test_batch_size=16, use_sgd=True)
Using GPU : 0 from 1 devices
Train 0, loss: 3.055415, train acc: 0.395664, train avg acc: 0.239061
Test 0, loss: 2.263388, test acc: 0.601297, test avg acc: 0.453645
Train 1, loss: 2.341371, train acc: 0.571254, train avg acc: 0.401175
Test 1, loss: 2.088472, test acc: 0.678687, test avg acc: 0.513151
Train 2, loss: 2.233736, train acc: 0.608408, train avg acc: 0.446630
Test 2, loss: 1.976319, test acc: 0.719611, test avg acc: 0.580238
Train 3, loss: 2.185904, train acc: 0.632125, train avg acc: 0.473523
Test 3, loss: 2.018108, test acc: 0.689222, test avg acc: 0.558587
Train 4, loss: 2.152186, train acc: 0.649735, train avg acc: 0.493418
Test 4, loss: 1.965426, test acc: 0.732172, test avg acc: 0.585140
Train 5, loss: 2.111491, train acc: 0.664597, train avg acc: 0.516172
Test 5, loss: 1.912019, test acc: 0.741086, test avg acc: 0.621831
Train 6, loss: 2.083735, train acc: 0.677524, train avg acc: 0.529947
Test 6, loss: 1.862984, test acc: 0.760535, test avg acc: 0.659215
Train 7, loss: 2.064131, train acc: 0.683734, train avg acc: 0.543539
Test 7, loss: 1.902272, test acc: 0.742301, test avg acc: 0.659244
Train 8, loss: 2.050832, train acc: 0.695847, train avg acc: 0.557224
Test 8, loss: 1.887027, test acc: 0.741086, test avg acc: 0.659750
Train 9, loss: 2.034782, train acc: 0.694524, train avg acc: 0.556651
Test 9, loss: 1.826104, test acc: 0.795381, test avg acc: 0.678785
Train 10, loss: 2.013388, train acc: 0.707451, train avg acc: 0.568589
Test 10, loss: 1.828379, test acc: 0.760535, test avg acc: 0.660744
Train 11, loss: 1.998582, train acc: 0.717325, train avg acc: 0.580824
Test 11, loss: 1.855188, test acc: 0.761345, test avg acc: 0.692814
Train 12, loss: 1.983537, train acc: 0.717529, train avg acc: 0.581762
Test 12, loss: 1.818615, test acc: 0.782415, test avg acc: 0.658610
Train 13, loss: 1.969962, train acc: 0.723025, train avg acc: 0.594034
Test 13, loss: 1.850426, test acc: 0.764587, test avg acc: 0.680773
Train 14, loss: 1.954193, train acc: 0.731474, train avg acc: 0.600742
Test 14, loss: 1.796882, test acc: 0.803890, test avg acc: 0.710395
Train 15, loss: 1.951226, train acc: 0.730761, train avg acc: 0.603572
Test 15, loss: 1.761785, test acc: 0.799028, test avg acc: 0.720616
Train 16, loss: 1.947775, train acc: 0.739108, train avg acc: 0.610319
Test 16, loss: 1.850908, test acc: 0.785251, test avg acc: 0.702128
Train 17, loss: 1.930654, train acc: 0.743180, train avg acc: 0.615033
Test 17, loss: 1.742714, test acc: 0.835494, test avg acc: 0.740901
Train 18, loss: 1.925339, train acc: 0.741653, train avg acc: 0.612048
Test 18, loss: 1.785544, test acc: 0.795381, test avg acc: 0.726070
Train 19, loss: 1.897878, train acc: 0.757329, train avg acc: 0.635149
Test 19, loss: 1.794947, test acc: 0.787682, test avg acc: 0.708616
Train 20, loss: 1.896448, train acc: 0.753766, train avg acc: 0.631516
Test 20, loss: 1.773200, test acc: 0.789708, test avg acc: 0.709326
Train 21, loss: 1.894909, train acc: 0.758245, train avg acc: 0.640295
Test 21, loss: 1.734680, test acc: 0.816045, test avg acc: 0.737000
Train 22, loss: 1.872742, train acc: 0.765371, train avg acc: 0.647067
Test 22, loss: 1.723657, test acc: 0.825365, test avg acc: 0.732006
Train 23, loss: 1.868840, train acc: 0.767610, train avg acc: 0.652208
Test 23, loss: 1.755574, test acc: 0.818476, test avg acc: 0.733465
Train 24, loss: 1.863362, train acc: 0.772394, train avg acc: 0.659485
Test 24, loss: 1.688750, test acc: 0.828201, test avg acc: 0.733314
Train 25, loss: 1.840020, train acc: 0.780537, train avg acc: 0.667058
Test 25, loss: 1.710955, test acc: 0.821313, test avg acc: 0.742023
Train 26, loss: 1.849009, train acc: 0.774125, train avg acc: 0.662525
Test 26, loss: 1.704856, test acc: 0.821313, test avg acc: 0.734855
Train 27, loss: 1.821053, train acc: 0.787154, train avg acc: 0.673850
Test 27, loss: 1.664057, test acc: 0.859806, test avg acc: 0.796895
Train 28, loss: 1.823522, train acc: 0.787968, train avg acc: 0.680765
Test 28, loss: 1.667247, test acc: 0.851702, test avg acc: 0.764855
Train 29, loss: 1.802785, train acc: 0.799165, train avg acc: 0.693143
Test 29, loss: 1.659966, test acc: 0.849676, test avg acc: 0.782640
Train 30, loss: 1.799739, train acc: 0.797842, train avg acc: 0.691128
Test 30, loss: 1.650122, test acc: 0.858185, test avg acc: 0.774477
Train 31, loss: 1.782924, train acc: 0.809344, train avg acc: 0.708927
Test 31, loss: 1.661570, test acc: 0.863857, test avg acc: 0.780814
Train 32, loss: 1.780829, train acc: 0.806087, train avg acc: 0.704043
Test 32, loss: 1.658230, test acc: 0.852512, test avg acc: 0.787471
Train 33, loss: 1.777578, train acc: 0.808225, train avg acc: 0.703154
Test 33, loss: 1.660364, test acc: 0.848865, test avg acc: 0.779628
Train 34, loss: 1.764987, train acc: 0.814332, train avg acc: 0.719146
Test 34, loss: 1.657910, test acc: 0.849676, test avg acc: 0.788302
Train 35, loss: 1.761577, train acc: 0.813925, train avg acc: 0.714706
Test 35, loss: 1.628726, test acc: 0.857374, test avg acc: 0.786017
Train 36, loss: 1.753380, train acc: 0.816673, train avg acc: 0.716175
Test 36, loss: 1.615220, test acc: 0.865478, test avg acc: 0.795808
Train 37, loss: 1.748054, train acc: 0.817284, train avg acc: 0.722028
Test 37, loss: 1.621008, test acc: 0.872366, test avg acc: 0.804878
Train 38, loss: 1.737460, train acc: 0.824511, train avg acc: 0.729641
Test 38, loss: 1.615012, test acc: 0.863857, test avg acc: 0.794645
Train 39, loss: 1.734120, train acc: 0.831535, train avg acc: 0.740170
Test 39, loss: 1.604621, test acc: 0.872771, test avg acc: 0.792837
Train 40, loss: 1.727092, train acc: 0.828278, train avg acc: 0.734169
Test 40, loss: 1.612581, test acc: 0.872771, test avg acc: 0.814674
Train 41, loss: 1.719315, train acc: 0.832146, train avg acc: 0.746048
Test 41, loss: 1.603674, test acc: 0.867909, test avg acc: 0.806674
Train 42, loss: 1.720254, train acc: 0.832044, train avg acc: 0.740979
Test 42, loss: 1.602174, test acc: 0.871961, test avg acc: 0.801884
Train 43, loss: 1.712470, train acc: 0.837032, train avg acc: 0.747084
Test 43, loss: 1.599237, test acc: 0.878444, test avg acc: 0.816134
Train 44, loss: 1.712159, train acc: 0.835301, train avg acc: 0.746659
Test 44, loss: 1.593460, test acc: 0.879254, test avg acc: 0.817797
Train 45, loss: 1.710678, train acc: 0.838355, train avg acc: 0.751365
Test 45, loss: 1.596321, test acc: 0.876013, test avg acc: 0.814471
Train 46, loss: 1.704135, train acc: 0.835708, train avg acc: 0.749045
Test 46, loss: 1.590614, test acc: 0.879254, test avg acc: 0.815715
Train 47, loss: 1.703784, train acc: 0.840187, train avg acc: 0.751278
Test 47, loss: 1.592198, test acc: 0.877634, test avg acc: 0.814756
Train 48, loss: 1.700323, train acc: 0.842325, train avg acc: 0.756864
Test 48, loss: 1.592810, test acc: 0.881280, test avg acc: 0.818006
Train 49, loss: 1.707417, train acc: 0.835301, train avg acc: 0.744612
Test 49, loss: 1.587122, test acc: 0.882496, test avg acc: 0.819634
Namespace(aggregation='max', angle=0, batch_size=32, dataset='modelnet40', dropout=0.5, emb_dims=1024, epochs=250, eval=True, exp_name='P', grid_samp=False, k=20, lr=0.001, model='pointnet', model_path='checkpoints/P/models/model.t7', momentum=0.9, no_cuda=False, num_points=1024, seed=1, sigma=0, test_batch_size=16, use_sgd=True)
Using GPU : 0 from 1 devices
Namespace(aggregation='max', angle=0, batch_size=32, dataset='modelnet40', dropout=0.5, emb_dims=1024, epochs=50, eval=False, exp_name='P', grid_samp=False, k=20, lr=0.001, model='pointnet', model_path='', momentum=0.9, no_cuda=False, num_points=1024, seed=1, sigma=0, test_batch_size=16, use_sgd=True)
Using GPU : 0 from 1 devices
Train 0, loss: 3.076119, train acc: 0.398616, train avg acc: 0.239590
Test 0, loss: 2.376182, test acc: 0.544976, test avg acc: 0.408709
Train 1, loss: 2.359371, train acc: 0.559650, train avg acc: 0.387378
Test 1, loss: 2.077420, test acc: 0.695705, test avg acc: 0.547349
Train 2, loss: 2.252503, train acc: 0.607899, train avg acc: 0.445212
Test 2, loss: 2.153674, test acc: 0.613047, test avg acc: 0.494645
Train 3, loss: 2.205401, train acc: 0.619707, train avg acc: 0.459951
Test 3, loss: 2.095721, test acc: 0.677877, test avg acc: 0.547657
Train 4, loss: 2.153176, train acc: 0.644340, train avg acc: 0.487649
Test 4, loss: 1.965056, test acc: 0.734198, test avg acc: 0.608419
Train 5, loss: 2.133366, train acc: 0.654112, train avg acc: 0.497747
Test 5, loss: 1.928336, test acc: 0.741491, test avg acc: 0.628326
Train 6, loss: 2.097804, train acc: 0.673046, train avg acc: 0.525656
Test 6, loss: 1.877346, test acc: 0.745138, test avg acc: 0.624512
Train 7, loss: 2.067406, train acc: 0.681901, train avg acc: 0.534910
Test 7, loss: 1.940736, test acc: 0.721637, test avg acc: 0.631477
Train 8, loss: 2.054886, train acc: 0.686177, train avg acc: 0.545774
Test 8, loss: 1.931906, test acc: 0.725284, test avg acc: 0.609674
Train 9, loss: 2.032457, train acc: 0.696458, train avg acc: 0.556269
Test 9, loss: 1.862648, test acc: 0.777553, test avg acc: 0.670953
Train 10, loss: 2.016562, train acc: 0.705517, train avg acc: 0.568561
Test 10, loss: 1.822273, test acc: 0.784846, test avg acc: 0.686872
Train 11, loss: 2.002391, train acc: 0.711828, train avg acc: 0.575048
Test 11, loss: 1.854080, test acc: 0.761750, test avg acc: 0.680273
Train 12, loss: 1.998620, train acc: 0.713355, train avg acc: 0.576091
Test 12, loss: 1.795927, test acc: 0.794571, test avg acc: 0.687349
Train 13, loss: 1.985051, train acc: 0.717630, train avg acc: 0.580900
Test 13, loss: 1.892603, test acc: 0.774716, test avg acc: 0.674314
Train 14, loss: 1.960247, train acc: 0.730049, train avg acc: 0.593053
Test 14, loss: 1.788821, test acc: 0.792545, test avg acc: 0.708913
Train 15, loss: 1.960007, train acc: 0.730558, train avg acc: 0.598329
Test 15, loss: 1.777912, test acc: 0.798217, test avg acc: 0.684936
Train 16, loss: 1.944938, train acc: 0.740432, train avg acc: 0.612436
Test 16, loss: 1.815480, test acc: 0.773501, test avg acc: 0.670169
Train 17, loss: 1.933157, train acc: 0.742264, train avg acc: 0.611824
Test 17, loss: 1.776334, test acc: 0.809968, test avg acc: 0.710634
Train 18, loss: 1.929656, train acc: 0.741857, train avg acc: 0.613705
Test 18, loss: 1.763808, test acc: 0.811588, test avg acc: 0.732738
Train 19, loss: 1.912900, train acc: 0.747659, train avg acc: 0.621599
Test 19, loss: 1.816560, test acc: 0.771880, test avg acc: 0.706680
Train 20, loss: 1.904703, train acc: 0.754072, train avg acc: 0.629339
Test 20, loss: 1.794376, test acc: 0.784036, test avg acc: 0.698070
Train 21, loss: 1.881377, train acc: 0.757940, train avg acc: 0.637264
Test 21, loss: 1.736019, test acc: 0.817666, test avg acc: 0.730017
Train 22, loss: 1.883151, train acc: 0.766388, train avg acc: 0.646683
Test 22, loss: 1.720850, test acc: 0.825770, test avg acc: 0.741023
Train 23, loss: 1.873918, train acc: 0.763335, train avg acc: 0.644917
Test 23, loss: 1.723315, test acc: 0.822528, test avg acc: 0.757302
Train 24, loss: 1.862881, train acc: 0.768526, train avg acc: 0.652014
Test 24, loss: 1.700704, test acc: 0.833468, test avg acc: 0.745267
Train 25, loss: 1.845537, train acc: 0.776262, train avg acc: 0.664865
Test 25, loss: 1.714652, test acc: 0.834684, test avg acc: 0.777233
Train 26, loss: 1.850012, train acc: 0.775855, train avg acc: 0.664106
Test 26, loss: 1.725688, test acc: 0.838331, test avg acc: 0.764419
Train 27, loss: 1.836211, train acc: 0.783286, train avg acc: 0.671157
Test 27, loss: 1.654872, test acc: 0.849676, test avg acc: 0.783186
Train 28, loss: 1.828052, train acc: 0.785627, train avg acc: 0.677451
Test 28, loss: 1.682362, test acc: 0.842788, test avg acc: 0.764099
Train 29, loss: 1.817499, train acc: 0.792651, train avg acc: 0.684105
Test 29, loss: 1.664643, test acc: 0.850081, test avg acc: 0.779349
Train 30, loss: 1.800546, train acc: 0.797231, train avg acc: 0.692801
Test 30, loss: 1.675886, test acc: 0.848460, test avg acc: 0.760297
Train 31, loss: 1.788810, train acc: 0.806087, train avg acc: 0.705446
Test 31, loss: 1.649211, test acc: 0.862237, test avg acc: 0.784866
Train 32, loss: 1.789229, train acc: 0.800692, train avg acc: 0.700911
Test 32, loss: 1.650813, test acc: 0.850081, test avg acc: 0.788977
Train 33, loss: 1.781777, train acc: 0.807207, train avg acc: 0.706019
Test 33, loss: 1.660479, test acc: 0.844408, test avg acc: 0.781110
Train 34, loss: 1.766033, train acc: 0.811584, train avg acc: 0.711825
Test 34, loss: 1.637142, test acc: 0.864668, test avg acc: 0.793308
Train 35, loss: 1.766846, train acc: 0.813314, train avg acc: 0.714049
Test 35, loss: 1.630238, test acc: 0.848865, test avg acc: 0.780110
Train 36, loss: 1.752929, train acc: 0.819727, train avg acc: 0.722301
Test 36, loss: 1.630459, test acc: 0.864263, test avg acc: 0.795349
Train 37, loss: 1.749490, train acc: 0.819218, train avg acc: 0.725695
Test 37, loss: 1.634104, test acc: 0.863452, test avg acc: 0.790174
Train 38, loss: 1.743263, train acc: 0.822577, train avg acc: 0.730042
Test 38, loss: 1.628697, test acc: 0.857780, test avg acc: 0.788366
Train 39, loss: 1.734410, train acc: 0.827769, train avg acc: 0.733406
Test 39, loss: 1.616545, test acc: 0.868720, test avg acc: 0.793047
Train 40, loss: 1.731453, train acc: 0.828278, train avg acc: 0.735166
Test 40, loss: 1.617563, test acc: 0.864668, test avg acc: 0.806064
Train 41, loss: 1.727271, train acc: 0.828685, train avg acc: 0.737535
Test 41, loss: 1.605950, test acc: 0.866694, test avg acc: 0.807919
Train 42, loss: 1.721420, train acc: 0.827463, train avg acc: 0.732429
Test 42, loss: 1.606431, test acc: 0.869125, test avg acc: 0.803547
Train 43, loss: 1.720976, train acc: 0.832757, train avg acc: 0.743640
Test 43, loss: 1.606091, test acc: 0.871556, test avg acc: 0.808599
Train 44, loss: 1.712614, train acc: 0.834283, train avg acc: 0.745136
Test 44, loss: 1.599742, test acc: 0.871151, test avg acc: 0.806390
Train 45, loss: 1.715318, train acc: 0.837439, train avg acc: 0.748347
Test 45, loss: 1.598409, test acc: 0.875203, test avg acc: 0.811052
Train 46, loss: 1.704170, train acc: 0.838762, train avg acc: 0.750758
Test 46, loss: 1.594025, test acc: 0.878849, test avg acc: 0.814262
Train 47, loss: 1.707355, train acc: 0.838457, train avg acc: 0.751093
Test 47, loss: 1.593196, test acc: 0.873177, test avg acc: 0.807965
Train 48, loss: 1.709726, train acc: 0.835098, train avg acc: 0.749428
Test 48, loss: 1.596202, test acc: 0.877634, test avg acc: 0.813715
Train 49, loss: 1.706006, train acc: 0.840594, train avg acc: 0.753673
Test 49, loss: 1.595188, test acc: 0.873987, test avg acc: 0.807343
Namespace(aggregation='max', angle=0, batch_size=32, dataset='modelnet40', dropout=0.5, emb_dims=1024, epochs=250, eval=True, exp_name='P', grid_samp=False, k=20, lr=0.001, model='pointnet', model_path='checkpoints/P/models/model.t7', momentum=0.9, no_cuda=False, num_points=1024, seed=1, sigma=0, test_batch_size=16, use_sgd=True)
Using GPU : 0 from 1 devices
Test :: test acc: 0.878849, test avg acc: 0.814262
