Namespace(angle=3.14, batch_size=32, dataset='modelnet40', dropout=0.5, emb_dims=1024, epochs=250, eval=True, exp_name='a', k=20, lr=0.001, model='dgcnn', model_path='checkpoints/K20_mean/models/model.t7', momentum=0.9, no_cuda=False, num_points=1024, seed=1, sigma=0.01, test_batch_size=16, use_sgd=True)
Using GPU : 0 from 1 devices
Test :: test acc: 0.910859, test avg acc: 0.854913
Namespace(angle=3.14, batch_size=32, dataset='modelnet40', dropout=0.5, emb_dims=1024, epochs=250, eval=True, exp_name='a', k=20, lr=0.001, model='dgcnn', model_path='checkpoints/K20_mean/models/model.t7', momentum=0.9, no_cuda=False, num_points=1024, seed=1, sigma=0.02, test_batch_size=16, use_sgd=True)
Using GPU : 0 from 1 devices
Test :: test acc: 0.872771, test avg acc: 0.784750
Namespace(angle=3.14, batch_size=32, dataset='modelnet40', dropout=0.5, emb_dims=1024, epochs=250, eval=True, exp_name='a', k=20, lr=0.001, model='dgcnn', model_path='checkpoints/K20/models/model.t7', momentum=0.9, no_cuda=False, num_points=1024, seed=1, sigma=0.01, test_batch_size=16, use_sgd=True)
Using GPU : 0 from 1 devices
Test :: test acc: 0.148298, test avg acc: 0.108581
Namespace(aggregation='max', angle=0, batch_size=32, dataset='modelnet40', dropout=0.5, emb_dims=1024, epochs=250, eval=False, exp_name='a', grid_samp=True, k=20, lr=0.001, model='dgcnn', model_path='', momentum=0.9, no_cuda=False, num_points=1024, seed=1, sigma=0, test_batch_size=16, use_sgd=True)
Using GPU : 0 from 1 devices
Namespace(aggregation='max', angle=0, batch_size=32, dataset='modelnet40', dropout=0.5, emb_dims=1024, epochs=1, eval=False, exp_name='a', grid_samp=True, k=20, lr=0.001, model='dgcnn', model_path='', momentum=0.9, no_cuda=False, num_points=1024, seed=1, sigma=0, test_batch_size=16, use_sgd=True)
Using GPU : 0 from 1 devices
Train 0, loss: 2.956223, train acc: 0.365330, train avg acc: 0.179590
Namespace(aggregation='max', angle=0, batch_size=32, dataset='modelnet40', dropout=0.5, emb_dims=1024, epochs=1, eval=False, exp_name='a', grid_samp=True, k=20, lr=0.001, model='dgcnn', model_path='', momentum=0.9, no_cuda=False, num_points=1024, seed=1, sigma=0, test_batch_size=16, use_sgd=True)
Using GPU : 0 from 1 devices
Train 0, loss: 2.964657, train acc: 0.362989, train avg acc: 0.179855
Namespace(aggregation='max', angle=0, batch_size=32, dataset='modelnet40', dropout=0.5, emb_dims=1024, epochs=1, eval=False, exp_name='a', grid_samp=True, k=20, lr=0.001, model='dgcnn', model_path='', momentum=0.9, no_cuda=False, num_points=1024, seed=1, sigma=0, test_batch_size=16, use_sgd=True)
Using GPU : 0 from 1 devices
Train 0, loss: 2.962118, train acc: 0.365432, train avg acc: 0.180646
Namespace(aggregation='max', angle=0, batch_size=32, dataset='modelnet40', dropout=0.5, emb_dims=1024, epochs=1, eval=False, exp_name='a', grid_samp=True, k=20, lr=0.001, model='dgcnn', model_path='', momentum=0.9, no_cuda=False, num_points=1024, seed=1, sigma=0, test_batch_size=16, use_sgd=True)
Using GPU : 0 from 1 devices
Train 0, loss: 2.969362, train acc: 0.357186, train avg acc: 0.175604
Test 0, loss: 2.557196, test acc: 0.461507, test avg acc: 0.308831
Namespace(aggregation='max', angle=0, batch_size=32, dataset='modelnet40', dropout=0.5, emb_dims=1024, epochs=1, eval=False, exp_name='a', grid_samp=True, k=20, lr=0.001, model='dgcnn', model_path='', momentum=0.9, no_cuda=False, num_points=1024, seed=1, sigma=0, test_batch_size=16, use_sgd=True)
Using GPU : 0 from 1 devices
Train 0, loss: 2.976932, train acc: 0.357492, train avg acc: 0.176325
Namespace(aggregation='max', angle=0, batch_size=32, dataset='modelnet40', dropout=0.5, emb_dims=1024, epochs=1, eval=False, exp_name='a', grid_samp=True, k=20, lr=0.001, model='dgcnn', model_path='', momentum=0.9, no_cuda=False, num_points=1024, seed=1, sigma=0, test_batch_size=16, use_sgd=True)
Using GPU : 0 from 1 devices
Train 0, loss: 2.965249, train acc: 0.362887, train avg acc: 0.180202
Namespace(aggregation='max', angle=0, batch_size=32, dataset='modelnet40', dropout=0.5, emb_dims=1024, epochs=1, eval=False, exp_name='a', grid_samp=True, k=20, lr=0.001, model='dgcnn', model_path='', momentum=0.9, no_cuda=False, num_points=1024, seed=1, sigma=0, test_batch_size=16, use_sgd=True)
Using GPU : 0 from 1 devices
Namespace(aggregation='max', angle=0, batch_size=32, dataset='modelnet40', dropout=0.5, emb_dims=1024, epochs=1, eval=False, exp_name='a', grid_samp=True, k=20, lr=0.001, model='dgcnn', model_path='', momentum=0.9, no_cuda=False, num_points=1024, seed=1, sigma=0, test_batch_size=16, use_sgd=True)
Using GPU : 0 from 1 devices
Train 0, loss: 2.960182, train acc: 0.366857, train avg acc: 0.180704
Namespace(aggregation='max', angle=0, batch_size=32, dataset='modelnet40', dropout=0.5, emb_dims=1024, epochs=1, eval=False, exp_name='a', grid_samp=True, k=20, lr=0.001, model='dgcnn', model_path='', momentum=0.9, no_cuda=False, num_points=1024, seed=1, sigma=0, test_batch_size=16, use_sgd=True)
Using GPU : 0 from 1 devices
Train 0, loss: 2.962548, train acc: 0.364515, train avg acc: 0.180763
Test 0, loss: 2.542531, test acc: 0.472447, test avg acc: 0.318785
