Namespace(batch_size=32, dataset='modelnet40', dropout=0.5, emb_dims=1024, epochs=50, eval=False, exp_name='K30', k=30, lr=0.001, model='dgcnn', model_path='', momentum=0.9, no_cuda=False, num_points=1024, seed=1, test_batch_size=16, use_sgd=True)
Using GPU : 0 from 1 devices
Train 0, loss: 2.764894, train acc: 0.442488, train avg acc: 0.262249
Test 0, loss: 2.254980, test acc: 0.581442, test avg acc: 0.462552
Train 1, loss: 2.163343, train acc: 0.647598, train avg acc: 0.467480
Test 1, loss: 1.959880, test acc: 0.745948, test avg acc: 0.616035
Train 2, loss: 2.007001, train acc: 0.715900, train avg acc: 0.562504
Test 2, loss: 1.800426, test acc: 0.814830, test avg acc: 0.711337
Train 3, loss: 1.911187, train acc: 0.769544, train avg acc: 0.639119
Test 3, loss: 1.747159, test acc: 0.825365, test avg acc: 0.713157
Train 4, loss: 1.856824, train acc: 0.788477, train avg acc: 0.669823
Test 4, loss: 1.711222, test acc: 0.845624, test avg acc: 0.743645
Train 5, loss: 1.815782, train acc: 0.807410, train avg acc: 0.699446
Test 5, loss: 1.734855, test acc: 0.826175, test avg acc: 0.739547
Train 6, loss: 1.773147, train acc: 0.825529, train avg acc: 0.725997
Test 6, loss: 1.693325, test acc: 0.850081, test avg acc: 0.780634
Train 7, loss: 1.750265, train acc: 0.831739, train avg acc: 0.736864
Test 7, loss: 1.682735, test acc: 0.848865, test avg acc: 0.778052
Train 8, loss: 1.721781, train acc: 0.843852, train avg acc: 0.757426
Test 8, loss: 1.682420, test acc: 0.844814, test avg acc: 0.778122
Train 9, loss: 1.712427, train acc: 0.852199, train avg acc: 0.765965
Test 9, loss: 1.630441, test acc: 0.866694, test avg acc: 0.795564
Train 10, loss: 1.694142, train acc: 0.857695, train avg acc: 0.778129
Test 10, loss: 1.601322, test acc: 0.878849, test avg acc: 0.818843
Train 11, loss: 1.674060, train acc: 0.866042, train avg acc: 0.790210
Test 11, loss: 1.634212, test acc: 0.869935, test avg acc: 0.800686
Train 12, loss: 1.660766, train acc: 0.870623, train avg acc: 0.800863
Test 12, loss: 1.589078, test acc: 0.877634, test avg acc: 0.809558
Train 13, loss: 1.650850, train acc: 0.873575, train avg acc: 0.804372
Test 13, loss: 1.592270, test acc: 0.875608, test avg acc: 0.816000
Train 14, loss: 1.630874, train acc: 0.881209, train avg acc: 0.815943
Test 14, loss: 1.571033, test acc: 0.895057, test avg acc: 0.842622
Train 15, loss: 1.626236, train acc: 0.889047, train avg acc: 0.825039
Test 15, loss: 1.547001, test acc: 0.908023, test avg acc: 0.852093
Train 16, loss: 1.610294, train acc: 0.893119, train avg acc: 0.832043
Test 16, loss: 1.586676, test acc: 0.888574, test avg acc: 0.850238
Train 17, loss: 1.604561, train acc: 0.894442, train avg acc: 0.834988
Test 17, loss: 1.581089, test acc: 0.883306, test avg acc: 0.824326
Train 18, loss: 1.591373, train acc: 0.899735, train avg acc: 0.844283
Test 18, loss: 1.558670, test acc: 0.892626, test avg acc: 0.829651
Train 19, loss: 1.591834, train acc: 0.895155, train avg acc: 0.836869
Test 19, loss: 1.581864, test acc: 0.889384, test avg acc: 0.834773
Train 20, loss: 1.575204, train acc: 0.906963, train avg acc: 0.854858
Test 20, loss: 1.522006, test acc: 0.904376, test avg acc: 0.858221
Train 21, loss: 1.563840, train acc: 0.908591, train avg acc: 0.857944
Test 21, loss: 1.548792, test acc: 0.883306, test avg acc: 0.842767
Train 22, loss: 1.563997, train acc: 0.903909, train avg acc: 0.850998
Test 22, loss: 1.517559, test acc: 0.903566, test avg acc: 0.842424
Train 23, loss: 1.555013, train acc: 0.907573, train avg acc: 0.857019
Test 23, loss: 1.505056, test acc: 0.908833, test avg acc: 0.871331
Train 24, loss: 1.535714, train acc: 0.920399, train avg acc: 0.874846
Test 24, loss: 1.534909, test acc: 0.896677, test avg acc: 0.857064
Train 25, loss: 1.531670, train acc: 0.921926, train avg acc: 0.875598
Test 25, loss: 1.490490, test acc: 0.911669, test avg acc: 0.868378
Train 26, loss: 1.524193, train acc: 0.925387, train avg acc: 0.884297
Test 26, loss: 1.527176, test acc: 0.899514, test avg acc: 0.851244
Train 27, loss: 1.521260, train acc: 0.922638, train avg acc: 0.880748
Test 27, loss: 1.501027, test acc: 0.901540, test avg acc: 0.854965
Train 28, loss: 1.518684, train acc: 0.924776, train avg acc: 0.883964
Test 28, loss: 1.484708, test acc: 0.908833, test avg acc: 0.862297
Train 29, loss: 1.506141, train acc: 0.931393, train avg acc: 0.893371
Test 29, loss: 1.515671, test acc: 0.907618, test avg acc: 0.872843
Train 30, loss: 1.497340, train acc: 0.934548, train avg acc: 0.897626
Test 30, loss: 1.483737, test acc: 0.911669, test avg acc: 0.873622
Train 31, loss: 1.484053, train acc: 0.939434, train avg acc: 0.902560
Test 31, loss: 1.478244, test acc: 0.912885, test avg acc: 0.876180
Train 32, loss: 1.483575, train acc: 0.938213, train avg acc: 0.904449
Test 32, loss: 1.476823, test acc: 0.908428, test avg acc: 0.869674
Train 33, loss: 1.474729, train acc: 0.944015, train avg acc: 0.910925
Test 33, loss: 1.470947, test acc: 0.921799, test avg acc: 0.886622
Train 34, loss: 1.467635, train acc: 0.948697, train avg acc: 0.921058
Test 34, loss: 1.468165, test acc: 0.915316, test avg acc: 0.889506
Train 35, loss: 1.462131, train acc: 0.951344, train avg acc: 0.926889
Test 35, loss: 1.469512, test acc: 0.916937, test avg acc: 0.886215
Train 36, loss: 1.458448, train acc: 0.950733, train avg acc: 0.923180
Test 36, loss: 1.461904, test acc: 0.913695, test avg acc: 0.881087
Train 37, loss: 1.453164, train acc: 0.952260, train avg acc: 0.925140
Test 37, loss: 1.467721, test acc: 0.908428, test avg acc: 0.874174
Train 38, loss: 1.447937, train acc: 0.954499, train avg acc: 0.926811
Test 38, loss: 1.457274, test acc: 0.916126, test avg acc: 0.885837
Train 39, loss: 1.439922, train acc: 0.954906, train avg acc: 0.929730
Test 39, loss: 1.454683, test acc: 0.919368, test avg acc: 0.885715
Train 40, loss: 1.437190, train acc: 0.959182, train avg acc: 0.935870
Test 40, loss: 1.447371, test acc: 0.923420, test avg acc: 0.885169
Train 41, loss: 1.434526, train acc: 0.959385, train avg acc: 0.937038
Test 41, loss: 1.452719, test acc: 0.918558, test avg acc: 0.891337
Train 42, loss: 1.435458, train acc: 0.960098, train avg acc: 0.938218
Test 42, loss: 1.449610, test acc: 0.920989, test avg acc: 0.886041
Train 43, loss: 1.428660, train acc: 0.962846, train avg acc: 0.941875
Test 43, loss: 1.450306, test acc: 0.918558, test avg acc: 0.880372
Train 44, loss: 1.432664, train acc: 0.960098, train avg acc: 0.938278
Test 44, loss: 1.449280, test acc: 0.921394, test avg acc: 0.885122
Train 45, loss: 1.424723, train acc: 0.962948, train avg acc: 0.943906
Test 45, loss: 1.445642, test acc: 0.921394, test avg acc: 0.886372
Train 46, loss: 1.423270, train acc: 0.964373, train avg acc: 0.943411
Test 46, loss: 1.446987, test acc: 0.918558, test avg acc: 0.880041
Train 47, loss: 1.425153, train acc: 0.964984, train avg acc: 0.945192
Test 47, loss: 1.447729, test acc: 0.922204, test avg acc: 0.886831
Train 48, loss: 1.422575, train acc: 0.964984, train avg acc: 0.944170
Test 48, loss: 1.447472, test acc: 0.918152, test avg acc: 0.880959
Train 49, loss: 1.425907, train acc: 0.964169, train avg acc: 0.945267
Test 49, loss: 1.451246, test acc: 0.917747, test avg acc: 0.883913
Namespace(batch_size=32, dataset='modelnet40', dropout=0.5, emb_dims=1024, epochs=250, eval=True, exp_name='K30', k=20, lr=0.001, model='dgcnn', model_path='checkpoints/K30/models/model.t7', momentum=0.9, no_cuda=False, num_points=1024, seed=1, test_batch_size=16, use_sgd=True)
Using GPU : 0 from 1 devices
Test :: test acc: 0.899109, test avg acc: 0.857308
Namespace(batch_size=32, dataset='modelnet40', dropout=0.5, emb_dims=1024, epochs=50, eval=False, exp_name='K30', k=30, lr=0.001, model='dgcnn', model_path='', momentum=0.9, no_cuda=False, num_points=1024, seed=1, test_batch_size=16, use_sgd=True)
Using GPU : 0 from 1 devices
Namespace(batch_size=32, dataset='modelnet40', dropout=0.5, emb_dims=1024, epochs=250, eval=True, exp_name='K30', k=20, lr=0.001, model='dgcnn', model_path='checkpoints/K30/models/model.t7', momentum=0.9, no_cuda=False, num_points=1024, seed=1, test_batch_size=16, use_sgd=True)
Using GPU : 0 from 1 devices
Namespace(aggregation='max', angle=0, batch_size=32, dataset='modelnet40', dropout=0.5, emb_dims=1024, epochs=250, eval=True, exp_name='K30', grid_samp=False, k=30, lr=0.001, model='dgcnn', model_path='checkpoints/K30/models/model.t7', momentum=0.9, no_cuda=False, num_points=1024, seed=1, sigma=0, test_batch_size=16, use_sgd=True)
Using GPU : 0 from 1 devices
Test :: test acc: 0.923420, test avg acc: 0.885169
