Namespace(batch_size=32, dataset='modelnet40', dropout=0.5, emb_dims=1024, epochs=250, eval=False, exp_name='exp', k=20, lr=0.001, model='dgcnn', model_path='', momentum=0.9, no_cuda=False, num_points=1024, seed=1, test_batch_size=16, use_sgd=True)
Using GPU : 0 from 1 devices
Namespace(batch_size=32, dataset='modelnet40', dropout=0.5, emb_dims=1024, epochs=250, eval=False, exp_name='exp', k=20, lr=0.001, model='dgcnn', model_path='', momentum=0.9, no_cuda=False, num_points=1024, seed=1, test_batch_size=16, use_sgd=True)
Using GPU : 0 from 1 devices
Train 0, loss: 2.854212, train acc: 0.407879, train avg acc: 0.232704
Test 0, loss: 2.296862, test acc: 0.554700, test avg acc: 0.402640
Train 1, loss: 2.241256, train acc: 0.617060, train avg acc: 0.429823
Test 1, loss: 1.975085, test acc: 0.730956, test avg acc: 0.598180
Train 2, loss: 2.070972, train acc: 0.692386, train avg acc: 0.528257
Test 2, loss: 1.880307, test acc: 0.783225, test avg acc: 0.674977
Train 3, loss: 1.975989, train acc: 0.735342, train avg acc: 0.591254
Test 3, loss: 1.786838, test acc: 0.829417, test avg acc: 0.700622
Namespace(batch_size=32, dataset='modelnet40', dropout=0.5, emb_dims=1024, epochs=1, eval=False, exp_name='exp', k=20, lr=0.001, model='dgcnn', model_path='', momentum=0.9, no_cuda=False, num_points=1024, seed=1, test_batch_size=16, use_sgd=True)
Using GPU : 0 from 1 devices
Namespace(batch_size=32, dataset='modelnet40', dropout=0.5, emb_dims=1024, epochs=1, eval=False, exp_name='exp', k=20, lr=0.001, model='dgcnn', model_path='', momentum=0.9, no_cuda=False, num_points=1024, seed=1, test_batch_size=16, use_sgd=True)
Using GPU : 0 from 1 devices
Namespace(batch_size=32, dataset='modelnet40', dropout=0.5, emb_dims=1024, epochs=1, eval=False, exp_name='exp', k=20, lr=0.001, model='dgcnn', model_path='', momentum=0.9, no_cuda=False, num_points=1024, seed=1, test_batch_size=16, use_sgd=True)
Using GPU : 0 from 1 devices
Namespace(batch_size=32, dataset='modelnet40', dropout=0.5, emb_dims=1024, epochs=1, eval=False, exp_name='exp', k=20, lr=0.001, model='dgcnn', model_path='', momentum=0.9, no_cuda=False, num_points=1024, seed=1, test_batch_size=16, use_sgd=True)
Using GPU : 0 from 1 devices
Namespace(batch_size=32, dataset='modelnet40', dropout=0.5, emb_dims=1024, epochs=1, eval=False, exp_name='exp', k=20, lr=0.001, model='dgcnn', model_path='', momentum=0.9, no_cuda=False, num_points=1024, seed=1, test_batch_size=16, use_sgd=True)
Using GPU : 0 from 1 devices
Namespace(batch_size=32, dataset='modelnet40', dropout=0.5, emb_dims=1024, epochs=1, eval=False, exp_name='exp', k=20, lr=0.001, model='dgcnn', model_path='', momentum=0.9, no_cuda=False, num_points=1024, seed=1, test_batch_size=16, use_sgd=True)
Using GPU : 0 from 1 devices
Namespace(batch_size=32, dataset='modelnet40', dropout=0.5, emb_dims=1024, epochs=1, eval=False, exp_name='exp', k=20, lr=0.001, model='dgcnn', model_path='', momentum=0.9, no_cuda=False, num_points=1024, seed=1, test_batch_size=16, use_sgd=True)
Using GPU : 0 from 1 devices
Namespace(batch_size=32, dataset='modelnet40', dropout=0.5, emb_dims=1024, epochs=1, eval=False, exp_name='exp', k=20, lr=0.001, model='dgcnn', model_path='', momentum=0.9, no_cuda=False, num_points=1024, seed=1, test_batch_size=16, use_sgd=True)
Using GPU : 0 from 1 devices
Namespace(batch_size=32, dataset='modelnet40', dropout=0.5, emb_dims=1024, epochs=1, eval=False, exp_name='exp', k=20, lr=0.001, model='dgcnn', model_path='', momentum=0.9, no_cuda=False, num_points=1024, seed=1, test_batch_size=16, use_sgd=True)
Using GPU : 0 from 1 devices
Namespace(batch_size=32, dataset='modelnet40', dropout=0.5, emb_dims=1024, epochs=1, eval=False, exp_name='exp', k=20, lr=0.001, model='dgcnn', model_path='', momentum=0.9, no_cuda=False, num_points=1024, seed=1, test_batch_size=16, use_sgd=True)
Using GPU : 0 from 1 devices
Namespace(batch_size=32, dataset='modelnet40', dropout=0.5, emb_dims=1024, epochs=1, eval=False, exp_name='exp', k=20, lr=0.001, model='dgcnn', model_path='', momentum=0.9, no_cuda=False, num_points=1024, seed=1, test_batch_size=16, use_sgd=True)
Using GPU : 0 from 1 devices
Namespace(batch_size=32, dataset='modelnet40', dropout=0.5, emb_dims=1024, epochs=1, eval=False, exp_name='exp', k=20, lr=0.001, model='dgcnn', model_path='', momentum=0.9, no_cuda=False, num_points=1024, seed=1, test_batch_size=16, use_sgd=True)
Using GPU : 0 from 1 devices
Namespace(batch_size=32, dataset='modelnet40', dropout=0.5, emb_dims=1024, epochs=1, eval=False, exp_name='exp', k=20, lr=0.001, model='dgcnn', model_path='', momentum=0.9, no_cuda=False, num_points=1024, seed=1, test_batch_size=16, use_sgd=True)
Using GPU : 0 from 1 devices
Namespace(batch_size=32, dataset='modelnet40', dropout=0.5, emb_dims=1024, epochs=1, eval=False, exp_name='exp', k=20, lr=0.001, model='dgcnn', model_path='', momentum=0.9, no_cuda=False, num_points=1024, seed=1, test_batch_size=16, use_sgd=True)
Using GPU : 0 from 1 devices
Namespace(batch_size=32, dataset='modelnet40', dropout=0.5, emb_dims=1024, epochs=1, eval=False, exp_name='exp', k=20, lr=0.001, model='dgcnn', model_path='', momentum=0.9, no_cuda=False, num_points=1024, seed=1, test_batch_size=16, use_sgd=True)
Using GPU : 0 from 1 devices
Namespace(batch_size=32, dataset='modelnet40', dropout=0.5, emb_dims=1024, epochs=1, eval=False, exp_name='exp', k=20, lr=0.001, model='dgcnn', model_path='', momentum=0.9, no_cuda=False, num_points=1024, seed=1, test_batch_size=16, use_sgd=True)
Using GPU : 0 from 1 devices
Train 0, loss: 2.884753, train acc: 0.393221, train avg acc: 0.203662
Test 0, loss: 2.449783, test acc: 0.507699, test avg acc: 0.348163
Namespace(batch_size=32, dataset='modelnet40', dropout=0.5, emb_dims=1024, epochs=1, eval=False, exp_name='exp', k=20, lr=0.001, model='dgcnn', model_path='', momentum=0.9, no_cuda=False, num_points=1024, seed=1, test_batch_size=16, use_sgd=True)
Using GPU : 0 from 1 devices
Namespace(batch_size=32, dataset='modelnet40', dropout=0.5, emb_dims=1024, epochs=1, eval=False, exp_name='exp', k=20, lr=0.001, model='dgcnn', model_path='', momentum=0.9, no_cuda=False, num_points=1024, seed=1, test_batch_size=16, use_sgd=True)
Using GPU : 0 from 1 devices
Train 0, loss: 2.888296, train acc: 0.385485, train avg acc: 0.197362
Test 0, loss: 2.443438, test acc: 0.512561, test avg acc: 0.358977
Namespace(aggregation='max', angle=0, batch_size=32, dataset='modelnet40', dropout=0.5, emb_dims=1024, epochs=1, eval=False, exp_name='exp', grid_samp=False, k=20, lr=0.001, model='monet', model_path='', momentum=0.9, no_cuda=False, num_points=1024, seed=1, sigma=0, test_batch_size=16, use_sgd=True)
Using GPU : 0 from 1 devices
Namespace(aggregation='max', angle=0, batch_size=32, dataset='modelnet40', dropout=0.5, emb_dims=1024, epochs=1, eval=False, exp_name='exp', grid_samp=False, k=20, lr=0.001, model='monet', model_path='', momentum=0.9, no_cuda=False, num_points=1024, seed=1, sigma=0, test_batch_size=16, use_sgd=True)
Using GPU : 0 from 1 devices
Namespace(aggregation='max', angle=0, batch_size=32, dataset='modelnet40', dropout=0.5, emb_dims=1024, epochs=1, eval=False, exp_name='exp', grid_samp=False, k=20, lr=0.001, model='monet', model_path='', momentum=0.9, no_cuda=False, num_points=1024, seed=1, sigma=0, test_batch_size=16, use_sgd=True)
Using GPU : 0 from 1 devices
Namespace(aggregation='max', angle=0, batch_size=32, dataset='modelnet40', dropout=0.5, emb_dims=1024, epochs=1, eval=False, exp_name='exp', grid_samp=False, k=20, lr=0.001, model='monet', model_path='', momentum=0.9, no_cuda=False, num_points=1024, seed=1, sigma=0, test_batch_size=16, use_sgd=True)
Using GPU : 0 from 1 devices
Namespace(aggregation='max', angle=0, batch_size=32, dataset='modelnet40', dropout=0.5, emb_dims=1024, epochs=1, eval=False, exp_name='exp', grid_samp=False, k=20, lr=0.001, model='monet', model_path='', momentum=0.9, no_cuda=False, num_points=1024, seed=1, sigma=0, test_batch_size=16, use_sgd=True)
Using GPU : 0 from 1 devices
Namespace(aggregation='max', angle=0, batch_size=32, dataset='modelnet40', dropout=0.5, emb_dims=1024, epochs=1, eval=False, exp_name='exp', grid_samp=False, k=20, lr=0.001, model='monet', model_path='', momentum=0.9, no_cuda=False, num_points=1024, seed=1, sigma=0, test_batch_size=16, use_sgd=True)
Using GPU : 0 from 1 devices
Namespace(aggregation='max', angle=0, batch_size=32, dataset='modelnet40', dropout=0.5, emb_dims=1024, epochs=1, eval=False, exp_name='exp', grid_samp=False, k=20, lr=0.001, model='monet', model_path='', momentum=0.9, no_cuda=False, num_points=1024, seed=1, sigma=0, test_batch_size=16, use_sgd=True)
Using GPU : 0 from 1 devices
Namespace(aggregation='max', angle=0, batch_size=32, dataset='modelnet40', dropout=0.5, emb_dims=1024, epochs=1, eval=False, exp_name='exp', grid_samp=False, k=20, lr=0.001, model='monet', model_path='', momentum=0.9, no_cuda=False, num_points=1024, seed=1, sigma=0, test_batch_size=16, use_sgd=True)
Using GPU : 0 from 1 devices
Namespace(aggregation='max', angle=0, batch_size=32, dataset='modelnet40', dropout=0.5, emb_dims=1024, epochs=1, eval=False, exp_name='exp', grid_samp=False, k=20, lr=0.001, model='monet', model_path='', momentum=0.9, no_cuda=False, num_points=1024, seed=1, sigma=0, test_batch_size=16, use_sgd=True)
Using GPU : 0 from 1 devices
Namespace(aggregation='max', angle=0, batch_size=32, dataset='modelnet40', dropout=0.5, emb_dims=1024, epochs=1, eval=False, exp_name='exp', grid_samp=False, k=20, lr=0.001, model='monet', model_path='', momentum=0.9, no_cuda=False, num_points=1024, seed=1, sigma=0, test_batch_size=16, use_sgd=True)
Using GPU : 0 from 1 devices
Namespace(aggregation='max', angle=0, batch_size=32, dataset='modelnet40', dropout=0.5, emb_dims=1024, epochs=1, eval=False, exp_name='exp', grid_samp=False, k=20, lr=0.001, model='monet', model_path='', momentum=0.9, no_cuda=False, num_points=1024, seed=1, sigma=0, test_batch_size=16, use_sgd=True)
Using GPU : 0 from 1 devices
Namespace(aggregation='max', angle=0, batch_size=32, dataset='modelnet40', dropout=0.5, emb_dims=1024, epochs=1, eval=False, exp_name='exp', grid_samp=False, k=20, lr=0.001, model='monet', model_path='', momentum=0.9, no_cuda=False, num_points=1024, seed=1, sigma=0, test_batch_size=16, use_sgd=True)
Using GPU : 0 from 1 devices
Namespace(aggregation='max', angle=0, batch_size=32, dataset='modelnet40', dropout=0.5, emb_dims=1024, epochs=1, eval=False, exp_name='exp', grid_samp=False, k=20, lr=0.001, model='monet', model_path='', momentum=0.9, no_cuda=False, num_points=1024, seed=1, sigma=0, test_batch_size=16, use_sgd=True)
Using GPU : 0 from 1 devices
Namespace(aggregation='max', angle=0, batch_size=32, dataset='modelnet40', dropout=0.5, emb_dims=1024, epochs=1, eval=False, exp_name='exp', grid_samp=False, k=20, lr=0.001, model='monet', model_path='', momentum=0.9, no_cuda=False, num_points=1024, seed=1, sigma=0, test_batch_size=16, use_sgd=True)
Using GPU : 0 from 1 devices
Namespace(aggregation='max', angle=0, batch_size=32, dataset='modelnet40', dropout=0.5, emb_dims=1024, epochs=1, eval=False, exp_name='exp', grid_samp=False, k=20, lr=0.001, model='monet', model_path='', momentum=0.9, no_cuda=False, num_points=1024, seed=1, sigma=0, test_batch_size=16, use_sgd=True)
Using GPU : 0 from 1 devices
Namespace(aggregation='max', angle=0, batch_size=32, dataset='modelnet40', dropout=0.5, emb_dims=1024, epochs=1, eval=False, exp_name='exp', grid_samp=False, k=20, lr=0.001, model='monet', model_path='', momentum=0.9, no_cuda=False, num_points=1024, seed=1, sigma=0, test_batch_size=16, use_sgd=True)
Using GPU : 0 from 1 devices
Namespace(aggregation='max', angle=0, batch_size=32, dataset='modelnet40', dropout=0.5, emb_dims=1024, epochs=1, eval=False, exp_name='exp', grid_samp=False, k=20, lr=0.001, model='monet', model_path='', momentum=0.9, no_cuda=False, num_points=1024, seed=1, sigma=0, test_batch_size=16, use_sgd=True)
Using GPU : 0 from 1 devices
Namespace(aggregation='max', angle=0, batch_size=32, dataset='modelnet40', dropout=0.5, emb_dims=1024, epochs=1, eval=False, exp_name='exp', grid_samp=False, k=20, lr=0.001, model='monet', model_path='', momentum=0.9, no_cuda=False, num_points=1024, seed=1, sigma=0, test_batch_size=16, use_sgd=True)
Using GPU : 0 from 1 devices
Namespace(aggregation='max', angle=0, batch_size=32, dataset='modelnet40', dropout=0.5, emb_dims=1024, epochs=1, eval=False, exp_name='exp', grid_samp=False, k=20, lr=0.001, model='monet', model_path='', momentum=0.9, no_cuda=False, num_points=1024, seed=1, sigma=0, test_batch_size=16, use_sgd=True)
Using GPU : 0 from 1 devices
Namespace(aggregation='max', angle=0, batch_size=32, dataset='modelnet40', dropout=0.5, emb_dims=1024, epochs=1, eval=False, exp_name='exp', grid_samp=False, k=20, lr=0.001, model='monet', model_path='', momentum=0.9, no_cuda=False, num_points=1024, seed=1, sigma=0, test_batch_size=16, use_sgd=True)
Using GPU : 0 from 1 devices
Namespace(aggregation='max', angle=0, batch_size=32, dataset='modelnet40', dropout=0.5, emb_dims=1024, epochs=1, eval=False, exp_name='exp', grid_samp=False, k=20, lr=0.001, model='pointnet', model_path='', momentum=0.9, no_cuda=False, num_points=1024, seed=1, sigma=0, test_batch_size=16, use_sgd=True)
Using GPU : 0 from 1 devices
Train 0, loss: 2.834757, train acc: 0.389454, train avg acc: 0.203941
Test 0, loss: 2.391168, test acc: 0.532010, test avg acc: 0.377058
Namespace(aggregation='max', angle=0, batch_size=32, dataset='modelnet40', dropout=0.5, emb_dims=1024, epochs=1, eval=False, exp_name='exp', grid_samp=False, k=20, lr=0.001, model='pointnetplus', model_path='', momentum=0.9, no_cuda=False, num_points=1024, seed=1, sigma=0, test_batch_size=16, use_sgd=True)
Using GPU : 0 from 1 devices
Namespace(aggregation='max', angle=0, batch_size=32, dataset='modelnet40', dropout=0.5, emb_dims=1024, epochs=1, eval=False, exp_name='exp', grid_samp=False, k=20, lr=0.001, model='pointnetplus', model_path='', momentum=0.9, no_cuda=False, num_points=1024, seed=1, sigma=0, test_batch_size=16, use_sgd=True)
Using GPU : 0 from 1 devices
Namespace(aggregation='max', angle=0, batch_size=32, dataset='modelnet40', dropout=0.5, emb_dims=1024, epochs=1, eval=False, exp_name='exp', grid_samp=False, k=20, lr=0.001, model='pointnetplus', model_path='', momentum=0.9, no_cuda=False, num_points=1024, seed=1, sigma=0, test_batch_size=16, use_sgd=True)
Using GPU : 0 from 1 devices
Train 0, loss: 2.949130, train acc: 0.362989, train avg acc: 0.179026
Test 0, loss: 2.563035, test acc: 0.459076, test avg acc: 0.318651
Namespace(aggregation='max', angle=0, batch_size=32, dataset='modelnet40', dropout=0.5, emb_dims=1024, epochs=1, eval=False, exp_name='exp', grid_samp=False, k=20, lr=0.001, model='pointnetplus', model_path='', momentum=0.9, no_cuda=False, num_points=1024, seed=1, sigma=0, test_batch_size=16, use_sgd=True)
Using GPU : 0 from 1 devices
Namespace(aggregation='max', angle=0, batch_size=32, dataset='modelnet40', dropout=0.5, emb_dims=1024, epochs=1, eval=False, exp_name='exp', grid_samp=False, k=20, lr=0.001, model='monet', model_path='', momentum=0.9, no_cuda=False, num_points=1024, seed=1, sigma=0, test_batch_size=16, use_sgd=True)
Using GPU : 0 from 1 devices
Namespace(aggregation='max', angle=0, batch_size=32, dataset='modelnet40', dropout=0.5, emb_dims=1024, epochs=1, eval=False, exp_name='exp', grid_samp=False, k=20, lr=0.001, model='monet', model_path='', momentum=0.9, no_cuda=False, num_points=1024, seed=1, sigma=0, test_batch_size=16, use_sgd=True)
Using GPU : 0 from 1 devices
Namespace(aggregation='max', angle=0, batch_size=32, dataset='modelnet40', dropout=0.5, emb_dims=1024, epochs=1, eval=False, exp_name='exp', grid_samp=False, k=20, lr=0.001, model='monet', model_path='', momentum=0.9, no_cuda=False, num_points=1024, seed=1, sigma=0, test_batch_size=16, use_sgd=True)
Using GPU : 0 from 1 devices
Namespace(aggregation='max', angle=0, batch_size=32, dataset='modelnet40', dropout=0.5, emb_dims=1024, epochs=1, eval=False, exp_name='exp', grid_samp=False, k=20, lr=0.001, model='monet', model_path='', momentum=0.9, no_cuda=False, num_points=1024, seed=1, sigma=0, test_batch_size=16, use_sgd=True)
Using GPU : 0 from 1 devices
Namespace(aggregation='max', angle=0, batch_size=32, dataset='modelnet40', dropout=0.5, emb_dims=1024, epochs=1, eval=False, exp_name='exp', grid_samp=False, k=20, lr=0.001, model='monet', model_path='', momentum=0.9, no_cuda=False, num_points=1024, seed=1, sigma=0, test_batch_size=16, use_sgd=True)
Using GPU : 0 from 1 devices
Namespace(aggregation='max', angle=0, batch_size=32, dataset='modelnet40', dropout=0.5, emb_dims=1024, epochs=1, eval=False, exp_name='exp', grid_samp=False, k=20, lr=0.001, model='monet', model_path='', momentum=0.9, no_cuda=False, num_points=1024, seed=1, sigma=0, test_batch_size=16, use_sgd=True)
Using GPU : 0 from 1 devices
Namespace(aggregation='max', angle=0, batch_size=32, dataset='modelnet40', dropout=0.5, emb_dims=1024, epochs=1, eval=False, exp_name='exp', grid_samp=False, k=20, lr=0.001, model='monet', model_path='', momentum=0.9, no_cuda=False, num_points=1024, seed=1, sigma=0, test_batch_size=16, use_sgd=True)
Using GPU : 0 from 1 devices
Namespace(aggregation='max', angle=0, batch_size=32, dataset='modelnet40', dropout=0.5, emb_dims=1024, epochs=1, eval=False, exp_name='exp', grid_samp=False, k=20, lr=0.001, model='monet', model_path='', momentum=0.9, no_cuda=False, num_points=1024, seed=1, sigma=0, test_batch_size=16, use_sgd=True)
Using GPU : 0 from 1 devices
Namespace(aggregation='max', angle=0, batch_size=32, dataset='modelnet40', dropout=0.5, emb_dims=1024, epochs=1, eval=False, exp_name='exp', grid_samp=False, k=20, lr=0.001, model='monet', model_path='', momentum=0.9, no_cuda=False, num_points=1024, seed=1, sigma=0, test_batch_size=16, use_sgd=True)
Using GPU : 0 from 1 devices
Namespace(aggregation='max', angle=0, batch_size=32, dataset='modelnet40', dropout=0.5, emb_dims=1024, epochs=1, eval=False, exp_name='exp', grid_samp=False, k=20, lr=0.001, model='monet', model_path='', momentum=0.9, no_cuda=False, num_points=1024, seed=1, sigma=0, test_batch_size=16, use_sgd=True)
Using GPU : 0 from 1 devices
Namespace(aggregation='max', angle=0, batch_size=32, dataset='modelnet40', dropout=0.5, emb_dims=1024, epochs=1, eval=False, exp_name='exp', grid_samp=False, k=20, lr=0.001, model='monet', model_path='', momentum=0.9, no_cuda=False, num_points=1024, seed=1, sigma=0, test_batch_size=16, use_sgd=True)
Using GPU : 0 from 1 devices
Namespace(aggregation='max', angle=0, batch_size=32, dataset='modelnet40', dropout=0.5, emb_dims=1024, epochs=1, eval=False, exp_name='exp', grid_samp=False, k=20, lr=0.001, model='monet', model_path='', momentum=0.9, no_cuda=False, num_points=1024, seed=1, sigma=0, test_batch_size=16, use_sgd=True)
Using GPU : 0 from 1 devices
Namespace(aggregation='max', angle=0, batch_size=32, dataset='modelnet40', dropout=0.5, emb_dims=1024, epochs=1, eval=False, exp_name='exp', grid_samp=False, k=20, lr=0.001, model='monet', model_path='', momentum=0.9, no_cuda=False, num_points=1024, seed=1, sigma=0, test_batch_size=16, use_sgd=True)
Using GPU : 0 from 1 devices
Namespace(aggregation='max', angle=0, batch_size=32, dataset='modelnet40', dropout=0.5, emb_dims=1024, epochs=1, eval=False, exp_name='exp', grid_samp=False, k=20, lr=0.001, model='monet', model_path='', momentum=0.9, no_cuda=False, num_points=1024, seed=1, sigma=0, test_batch_size=16, use_sgd=True)
Using GPU : 0 from 1 devices
Namespace(aggregation='max', angle=0, batch_size=32, dataset='modelnet40', dropout=0.5, emb_dims=1024, epochs=1, eval=False, exp_name='exp', grid_samp=False, k=20, lr=0.001, model='monet', model_path='', momentum=0.9, no_cuda=False, num_points=1024, seed=1, sigma=0, test_batch_size=16, use_sgd=True)
Using GPU : 0 from 1 devices
Train 0, loss: 3.004807, train acc: 0.351588, train avg acc: 0.168005
Test 0, loss: 2.672705, test acc: 0.418963, test avg acc: 0.288395
Namespace(aggregation='max', angle=0, batch_size=32, dataset='modelnet40', dropout=0.5, emb_dims=1024, epochs=250, eval=False, exp_name='exp', grid_samp=False, k=20, lr=0.001, model='monet', model_path='', momentum=0.9, no_cuda=False, num_points=1024, seed=1, sigma=0, test_batch_size=16, use_sgd=True)
Using GPU : 0 from 1 devices
Namespace(add_features=True, aggregation='max', angle=0, batch_size=32, dataset='modelnet40', dropout=0.5, emb_dims=1024, epochs=1, eval=False, exp_name='exp', grid_samp=False, k=20, lr=0.001, model='dgcnn', model_path='', momentum=0.9, no_cuda=False, num_points=1024, seed=1, sigma=0, test_batch_size=16, use_sgd=True)
Using GPU : 0 from 1 devices
Namespace(add_features=True, aggregation='max', angle=0, batch_size=32, dataset='modelnet40', dropout=0.5, emb_dims=1024, epochs=2, eval=False, exp_name='exp', grid_samp=False, k=20, lr=0.001, model='dgcnn', model_path='', momentum=0.9, no_cuda=False, num_points=1024, seed=1, sigma=0, test_batch_size=16, use_sgd=True)
Using GPU : 0 from 1 devices
Namespace(add_features=True, aggregation='max', angle=0, batch_size=32, dataset='modelnet40', dropout=0.5, emb_dims=1024, epochs=2, eval=False, exp_name='exp', grid_samp=False, k=20, lr=0.001, model='dgcnn', model_path='', momentum=0.9, no_cuda=False, num_points=1024, seed=1, sigma=0, test_batch_size=16, use_sgd=True)
Using GPU : 0 from 1 devices
Namespace(add_features=True, aggregation='max', angle=0, batch_size=16, dataset='modelnet40', dropout=0.5, emb_dims=1024, epochs=2, eval=False, exp_name='exp', grid_samp=False, k=20, lr=0.001, model='dgcnn', model_path='', momentum=0.9, no_cuda=False, num_points=1024, seed=1, sigma=0, test_batch_size=16, use_sgd=True)
Using GPU : 0 from 1 devices
Namespace(add_features=True, aggregation='max', angle=0, batch_size=8, dataset='modelnet40', dropout=0.5, emb_dims=1024, epochs=2, eval=False, exp_name='exp', grid_samp=False, k=20, lr=0.001, model='dgcnn', model_path='', momentum=0.9, no_cuda=False, num_points=1024, seed=1, sigma=0, test_batch_size=16, use_sgd=True)
Using GPU : 0 from 1 devices
Namespace(add_features=True, aggregation='max', angle=0, batch_size=8, dataset='modelnet40', dropout=0.5, emb_dims=1024, epochs=2, eval=False, exp_name='exp', grid_samp=False, k=20, lr=0.001, model='dgcnn', model_path='', momentum=0.9, no_cuda=False, num_points=256, seed=1, sigma=0, test_batch_size=16, use_sgd=True)
Using GPU : 0 from 1 devices
Train 0, loss: 2.975079, train acc: 0.354878, train avg acc: 0.194907
Namespace(add_features=True, aggregation='max', angle=0, batch_size=32, dataset='modelnet40', dropout=0.5, emb_dims=1024, epochs=2, eval=False, exp_name='exp', grid_samp=False, k=20, lr=0.001, model='dgcnn', model_path='', momentum=0.9, no_cuda=False, num_points=256, seed=1, sigma=0, test_batch_size=16, use_sgd=True)
Using GPU : 0 from 1 devices
Namespace(add_features=True, aggregation='max', angle=0, batch_size=8, dataset='modelnet40', dropout=0.5, emb_dims=1024, epochs=2, eval=False, exp_name='exp', grid_samp=False, k=20, lr=0.001, model='dgcnn', model_path='', momentum=0.9, no_cuda=False, num_points=1024, seed=1, sigma=0, test_batch_size=16, use_sgd=True)
Using GPU : 0 from 1 devices
Train 0, loss: 3.019983, train acc: 0.333943, train avg acc: 0.178622
Test 0, loss: 2.446120, test acc: 0.489465, test avg acc: 0.356058
