Namespace(batch_size=32, dataset='modelnet40', dropout=0.5, emb_dims=512, epochs=50, eval=False, exp_name='emb_512', k=20, lr=0.001, model='dgcnn', model_path='', momentum=0.9, no_cuda=False, num_points=1024, seed=1, test_batch_size=16, use_sgd=True)
Using GPU : 0 from 1 devices
Train 0, loss: 2.791211, train acc: 0.431800, train avg acc: 0.255451
Test 0, loss: 2.324906, test acc: 0.557536, test avg acc: 0.452442
Train 1, loss: 2.216542, train acc: 0.630293, train avg acc: 0.449849
Test 1, loss: 1.985072, test acc: 0.714749, test avg acc: 0.598738
Train 2, loss: 2.062066, train acc: 0.702362, train avg acc: 0.543249
Test 2, loss: 1.879021, test acc: 0.779579, test avg acc: 0.675163
Train 3, loss: 1.977274, train acc: 0.734731, train avg acc: 0.591312
Test 3, loss: 1.836298, test acc: 0.805916, test avg acc: 0.699134
Train 4, loss: 1.916657, train acc: 0.762520, train avg acc: 0.632607
Test 4, loss: 1.794289, test acc: 0.801459, test avg acc: 0.701599
Train 5, loss: 1.871467, train acc: 0.780130, train avg acc: 0.657763
Test 5, loss: 1.714246, test acc: 0.840357, test avg acc: 0.762058
Train 6, loss: 1.829912, train acc: 0.798656, train avg acc: 0.687551
Test 6, loss: 1.726548, test acc: 0.844814, test avg acc: 0.756378
Train 7, loss: 1.814823, train acc: 0.802117, train avg acc: 0.692352
Test 7, loss: 1.687695, test acc: 0.841167, test avg acc: 0.747733
Train 8, loss: 1.788013, train acc: 0.819422, train avg acc: 0.719103
Test 8, loss: 1.657806, test acc: 0.851702, test avg acc: 0.787645
Train 9, loss: 1.760616, train acc: 0.826954, train avg acc: 0.730210
Test 9, loss: 1.638627, test acc: 0.868314, test avg acc: 0.791581
Train 10, loss: 1.749345, train acc: 0.831331, train avg acc: 0.739500
Test 10, loss: 1.635310, test acc: 0.871556, test avg acc: 0.802058
Train 11, loss: 1.722836, train acc: 0.839271, train avg acc: 0.747006
Test 11, loss: 1.714122, test acc: 0.825770, test avg acc: 0.761616
Train 12, loss: 1.713687, train acc: 0.847109, train avg acc: 0.761784
Test 12, loss: 1.697907, test acc: 0.843598, test avg acc: 0.770535
Train 13, loss: 1.695296, train acc: 0.851384, train avg acc: 0.768999
Test 13, loss: 1.617357, test acc: 0.867909, test avg acc: 0.787506
Train 14, loss: 1.683561, train acc: 0.856067, train avg acc: 0.773753
Test 14, loss: 1.577038, test acc: 0.888574, test avg acc: 0.833512
Train 15, loss: 1.673222, train acc: 0.864007, train avg acc: 0.787861
Test 15, loss: 1.586602, test acc: 0.877229, test avg acc: 0.825198
Train 16, loss: 1.663765, train acc: 0.868791, train avg acc: 0.793887
Test 16, loss: 1.578561, test acc: 0.879660, test avg acc: 0.817064
Train 17, loss: 1.665646, train acc: 0.866348, train avg acc: 0.792673
Test 17, loss: 1.582228, test acc: 0.877634, test avg acc: 0.822721
Train 18, loss: 1.642635, train acc: 0.876527, train avg acc: 0.808309
Test 18, loss: 1.569437, test acc: 0.880875, test avg acc: 0.832517
Train 19, loss: 1.636545, train acc: 0.878461, train avg acc: 0.806741
Test 19, loss: 1.589915, test acc: 0.868720, test avg acc: 0.812267
Train 20, loss: 1.630890, train acc: 0.877443, train avg acc: 0.810230
Test 20, loss: 1.546623, test acc: 0.896272, test avg acc: 0.836331
Train 21, loss: 1.608806, train acc: 0.889353, train avg acc: 0.826585
Test 21, loss: 1.535411, test acc: 0.899109, test avg acc: 0.855250
Train 22, loss: 1.612026, train acc: 0.888538, train avg acc: 0.828287
Test 22, loss: 1.524397, test acc: 0.896677, test avg acc: 0.839814
Train 23, loss: 1.601075, train acc: 0.891694, train avg acc: 0.829460
Test 23, loss: 1.568123, test acc: 0.896677, test avg acc: 0.858128
Train 24, loss: 1.589895, train acc: 0.898208, train avg acc: 0.843243
Test 24, loss: 1.521686, test acc: 0.896272, test avg acc: 0.850174
Train 25, loss: 1.581913, train acc: 0.902280, train avg acc: 0.850953
Test 25, loss: 1.532944, test acc: 0.895867, test avg acc: 0.838709
Train 26, loss: 1.569603, train acc: 0.903807, train avg acc: 0.848266
Test 26, loss: 1.524795, test acc: 0.900324, test avg acc: 0.843552
Train 27, loss: 1.566263, train acc: 0.904520, train avg acc: 0.848915
Test 27, loss: 1.526705, test acc: 0.893436, test avg acc: 0.858762
Train 28, loss: 1.560571, train acc: 0.907675, train avg acc: 0.857082
Test 28, loss: 1.496225, test acc: 0.909643, test avg acc: 0.863174
Train 29, loss: 1.549759, train acc: 0.913986, train avg acc: 0.868057
Test 29, loss: 1.504771, test acc: 0.907212, test avg acc: 0.862506
Train 30, loss: 1.541513, train acc: 0.915411, train avg acc: 0.867564
Test 30, loss: 1.500068, test acc: 0.909238, test avg acc: 0.867122
Train 31, loss: 1.535266, train acc: 0.916226, train avg acc: 0.872568
Test 31, loss: 1.488548, test acc: 0.912480, test avg acc: 0.865128
Train 32, loss: 1.530349, train acc: 0.923249, train avg acc: 0.880186
Test 32, loss: 1.495389, test acc: 0.907212, test avg acc: 0.865459
Train 33, loss: 1.523046, train acc: 0.923351, train avg acc: 0.882316
Test 33, loss: 1.489109, test acc: 0.906807, test avg acc: 0.866384
Train 34, loss: 1.514921, train acc: 0.927423, train avg acc: 0.887985
Test 34, loss: 1.479053, test acc: 0.914100, test avg acc: 0.867372
Train 35, loss: 1.511907, train acc: 0.928033, train avg acc: 0.886813
Test 35, loss: 1.479926, test acc: 0.914506, test avg acc: 0.873715
Train 36, loss: 1.503264, train acc: 0.929967, train avg acc: 0.889312
Test 36, loss: 1.478684, test acc: 0.911669, test avg acc: 0.877884
Train 37, loss: 1.499985, train acc: 0.932410, train avg acc: 0.894903
Test 37, loss: 1.470068, test acc: 0.921799, test avg acc: 0.884953
Train 38, loss: 1.497894, train acc: 0.935668, train avg acc: 0.899586
Test 38, loss: 1.470598, test acc: 0.918558, test avg acc: 0.876500
Train 39, loss: 1.492159, train acc: 0.935770, train avg acc: 0.899087
Test 39, loss: 1.473735, test acc: 0.915721, test avg acc: 0.879419
Train 40, loss: 1.484322, train acc: 0.937805, train avg acc: 0.904253
Test 40, loss: 1.468180, test acc: 0.914100, test avg acc: 0.867209
Train 41, loss: 1.480774, train acc: 0.939230, train avg acc: 0.905201
Test 41, loss: 1.465374, test acc: 0.920178, test avg acc: 0.881791
Train 42, loss: 1.478195, train acc: 0.943811, train avg acc: 0.911917
Test 42, loss: 1.461050, test acc: 0.920178, test avg acc: 0.884163
Train 43, loss: 1.473067, train acc: 0.943811, train avg acc: 0.912573
Test 43, loss: 1.461440, test acc: 0.921799, test avg acc: 0.887250
Train 44, loss: 1.473280, train acc: 0.944218, train avg acc: 0.912790
Test 44, loss: 1.460682, test acc: 0.921394, test avg acc: 0.884163
Train 45, loss: 1.470468, train acc: 0.947679, train avg acc: 0.919748
Test 45, loss: 1.464505, test acc: 0.922204, test avg acc: 0.886791
Train 46, loss: 1.472362, train acc: 0.943913, train avg acc: 0.910917
Test 46, loss: 1.460813, test acc: 0.920989, test avg acc: 0.882541
Train 47, loss: 1.470075, train acc: 0.945338, train avg acc: 0.913783
Test 47, loss: 1.460864, test acc: 0.923825, test avg acc: 0.887331
Train 48, loss: 1.471007, train acc: 0.944829, train avg acc: 0.913828
Test 48, loss: 1.458724, test acc: 0.920583, test avg acc: 0.885663
Train 49, loss: 1.469863, train acc: 0.943506, train avg acc: 0.912812
Test 49, loss: 1.458078, test acc: 0.920178, test avg acc: 0.884041
Namespace(batch_size=32, dataset='modelnet40', dropout=0.5, emb_dims=1024, epochs=250, eval=True, exp_name='emb_512', k=20, lr=0.001, model='dgcnn', model_path='checkpoints/emb_512/models/model.t7', momentum=0.9, no_cuda=False, num_points=1024, seed=1, test_batch_size=16, use_sgd=True)
Using GPU : 0 from 1 devices
Namespace(aggregation='max', angle=0, batch_size=32, dataset='modelnet40', dropout=0.5, emb_dims=512, epochs=250, eval=True, exp_name='emb_512', grid_samp=False, k=20, lr=0.001, model='dgcnn', model_path='checkpoints/emb_512/models/model.t7', momentum=0.9, no_cuda=False, num_points=1024, seed=1, sigma=0, test_batch_size=16, use_sgd=True)
Using GPU : 0 from 1 devices
Test :: test acc: 0.923825, test avg acc: 0.887331
