Namespace(batch_size=32, dataset='modelnet40', dropout=0.5, emb_dims=1024, epochs=50, eval=False, exp_name='num_2048', k=20, lr=0.001, model='dgcnn', model_path='', momentum=0.9, no_cuda=False, num_points=2048, seed=1, test_batch_size=16, use_sgd=True)
Using GPU : 0 from 1 devices
Train 0, loss: 2.815952, train acc: 0.422842, train avg acc: 0.247617
Test 0, loss: 2.244937, test acc: 0.559968, test avg acc: 0.426395
Train 1, loss: 2.232817, train acc: 0.621336, train avg acc: 0.437341
Test 1, loss: 1.937216, test acc: 0.755267, test avg acc: 0.577628
Train 2, loss: 2.103800, train acc: 0.672333, train avg acc: 0.504125
Test 2, loss: 1.908879, test acc: 0.751621, test avg acc: 0.646442
Train 3, loss: 2.003066, train acc: 0.724857, train avg acc: 0.573857
Test 3, loss: 1.850805, test acc: 0.776337, test avg acc: 0.646913
Train 4, loss: 1.931361, train acc: 0.753766, train avg acc: 0.620295
Test 4, loss: 1.802204, test acc: 0.792545, test avg acc: 0.671733
Train 5, loss: 1.881494, train acc: 0.777586, train avg acc: 0.653886
Test 5, loss: 1.790333, test acc: 0.807536, test avg acc: 0.709756
Train 6, loss: 1.849142, train acc: 0.791429, train avg acc: 0.675387
Test 6, loss: 1.704298, test acc: 0.847650, test avg acc: 0.764407
Train 7, loss: 1.816179, train acc: 0.804458, train avg acc: 0.695585
Test 7, loss: 1.711587, test acc: 0.825365, test avg acc: 0.748913
Train 8, loss: 1.779965, train acc: 0.819116, train avg acc: 0.717605
Test 8, loss: 1.668378, test acc: 0.859400, test avg acc: 0.773221
Train 9, loss: 1.769251, train acc: 0.824308, train avg acc: 0.725962
Test 9, loss: 1.675359, test acc: 0.856564, test avg acc: 0.776314
Train 10, loss: 1.751059, train acc: 0.830924, train avg acc: 0.736575
Test 10, loss: 1.597965, test acc: 0.891005, test avg acc: 0.819134
Train 11, loss: 1.724583, train acc: 0.843343, train avg acc: 0.755885
Test 11, loss: 1.672053, test acc: 0.846840, test avg acc: 0.796988
Train 12, loss: 1.717602, train acc: 0.844259, train avg acc: 0.755014
Test 12, loss: 1.667569, test acc: 0.846434, test avg acc: 0.774262
Train 13, loss: 1.705472, train acc: 0.852504, train avg acc: 0.768602
Test 13, loss: 1.603763, test acc: 0.878039, test avg acc: 0.810163
Train 14, loss: 1.691348, train acc: 0.855863, train avg acc: 0.776363
Test 14, loss: 1.627173, test acc: 0.873987, test avg acc: 0.819936
Train 15, loss: 1.671521, train acc: 0.864719, train avg acc: 0.789966
Test 15, loss: 1.592937, test acc: 0.882496, test avg acc: 0.825110
Train 16, loss: 1.657012, train acc: 0.871132, train avg acc: 0.798726
Test 16, loss: 1.573176, test acc: 0.897083, test avg acc: 0.842355
Train 17, loss: 1.654244, train acc: 0.872862, train avg acc: 0.802359
Test 17, loss: 1.578081, test acc: 0.878849, test avg acc: 0.805285
Train 18, loss: 1.637600, train acc: 0.882329, train avg acc: 0.814369
Test 18, loss: 1.546289, test acc: 0.907212, test avg acc: 0.851384
Train 19, loss: 1.627021, train acc: 0.885077, train avg acc: 0.818200
Test 19, loss: 1.565080, test acc: 0.899514, test avg acc: 0.848180
Train 20, loss: 1.616901, train acc: 0.885790, train avg acc: 0.822904
Test 20, loss: 1.550083, test acc: 0.895867, test avg acc: 0.830581
Train 21, loss: 1.607490, train acc: 0.889862, train avg acc: 0.832745
Test 21, loss: 1.574835, test acc: 0.884522, test avg acc: 0.837936
Train 22, loss: 1.600837, train acc: 0.891592, train avg acc: 0.832753
Test 22, loss: 1.519299, test acc: 0.906807, test avg acc: 0.854465
Train 23, loss: 1.587913, train acc: 0.897292, train avg acc: 0.840040
Test 23, loss: 1.516940, test acc: 0.911669, test avg acc: 0.867581
Train 24, loss: 1.580945, train acc: 0.902789, train avg acc: 0.849472
Test 24, loss: 1.514814, test acc: 0.909643, test avg acc: 0.865390
Train 25, loss: 1.574319, train acc: 0.905945, train avg acc: 0.853106
Test 25, loss: 1.503503, test acc: 0.916126, test avg acc: 0.873047
Train 26, loss: 1.564828, train acc: 0.911340, train avg acc: 0.862367
Test 26, loss: 1.512842, test acc: 0.918152, test avg acc: 0.885744
Train 27, loss: 1.558197, train acc: 0.909711, train avg acc: 0.859648
Test 27, loss: 1.514539, test acc: 0.908833, test avg acc: 0.856884
Train 28, loss: 1.552041, train acc: 0.915411, train avg acc: 0.868720
Test 28, loss: 1.495709, test acc: 0.916937, test avg acc: 0.865535
Train 29, loss: 1.542665, train acc: 0.916226, train avg acc: 0.871943
Test 29, loss: 1.501506, test acc: 0.917747, test avg acc: 0.870337
Train 30, loss: 1.530375, train acc: 0.921926, train avg acc: 0.881677
Test 30, loss: 1.489821, test acc: 0.926661, test avg acc: 0.885913
Train 31, loss: 1.526702, train acc: 0.924776, train avg acc: 0.881216
Test 31, loss: 1.486360, test acc: 0.916532, test avg acc: 0.883715
Train 32, loss: 1.517215, train acc: 0.926608, train avg acc: 0.885440
Test 32, loss: 1.483116, test acc: 0.921799, test avg acc: 0.883297
Train 33, loss: 1.510133, train acc: 0.929255, train avg acc: 0.889107
Test 33, loss: 1.470752, test acc: 0.923015, test avg acc: 0.887209
Train 34, loss: 1.501469, train acc: 0.933123, train avg acc: 0.894943
Test 34, loss: 1.465002, test acc: 0.922204, test avg acc: 0.881709
Train 35, loss: 1.491489, train acc: 0.938518, train avg acc: 0.903794
Test 35, loss: 1.478316, test acc: 0.915316, test avg acc: 0.886587
Train 36, loss: 1.494638, train acc: 0.932818, train avg acc: 0.897860
Test 36, loss: 1.464153, test acc: 0.914506, test avg acc: 0.876831
Train 37, loss: 1.485354, train acc: 0.940656, train avg acc: 0.905721
Test 37, loss: 1.466567, test acc: 0.920989, test avg acc: 0.881657
Train 38, loss: 1.477234, train acc: 0.946050, train avg acc: 0.914645
Test 38, loss: 1.457839, test acc: 0.922609, test avg acc: 0.890326
Train 39, loss: 1.475288, train acc: 0.946356, train avg acc: 0.914726
Test 39, loss: 1.456214, test acc: 0.923825, test avg acc: 0.891122
Train 40, loss: 1.470194, train acc: 0.944829, train avg acc: 0.912909
Test 40, loss: 1.451485, test acc: 0.924635, test avg acc: 0.886320
Train 41, loss: 1.468114, train acc: 0.947883, train avg acc: 0.917521
Test 41, loss: 1.451541, test acc: 0.923420, test avg acc: 0.889831
Train 42, loss: 1.464512, train acc: 0.948493, train avg acc: 0.919919
Test 42, loss: 1.448820, test acc: 0.928687, test avg acc: 0.894163
Train 43, loss: 1.462744, train acc: 0.948901, train avg acc: 0.919996
Test 43, loss: 1.449611, test acc: 0.925446, test avg acc: 0.888744
Train 44, loss: 1.456749, train acc: 0.951547, train avg acc: 0.923607
Test 44, loss: 1.444802, test acc: 0.927472, test avg acc: 0.895453
Train 45, loss: 1.450120, train acc: 0.954296, train avg acc: 0.930279
Test 45, loss: 1.445986, test acc: 0.923015, test avg acc: 0.889663
Train 46, loss: 1.450060, train acc: 0.953787, train avg acc: 0.924953
Test 46, loss: 1.443186, test acc: 0.928282, test avg acc: 0.897076
Train 47, loss: 1.453274, train acc: 0.953278, train avg acc: 0.926340
Test 47, loss: 1.447576, test acc: 0.926661, test avg acc: 0.897994
Train 48, loss: 1.447641, train acc: 0.954092, train avg acc: 0.927502
Test 48, loss: 1.442902, test acc: 0.923825, test avg acc: 0.891203
Train 49, loss: 1.454617, train acc: 0.956026, train avg acc: 0.930892
Test 49, loss: 1.445204, test acc: 0.925041, test avg acc: 0.896994
Namespace(batch_size=32, dataset='modelnet40', dropout=0.5, emb_dims=1024, epochs=250, eval=True, exp_name='num_2048', k=20, lr=0.001, model='dgcnn', model_path='checkpoints/num_2048/models/model.t7', momentum=0.9, no_cuda=False, num_points=1024, seed=1, test_batch_size=16, use_sgd=True)
Using GPU : 0 from 1 devices
Test :: test acc: 0.879660, test avg acc: 0.830250
Namespace(aggregation='max', angle=0, batch_size=32, dataset='modelnet40', dropout=0.5, emb_dims=1024, epochs=250, eval=True, exp_name='num_2048', grid_samp=False, k=20, lr=0.001, model='dgcnn', model_path='checkpoints/num_2048/models/model.t7', momentum=0.9, no_cuda=False, num_points=2048, seed=1, sigma=0, test_batch_size=16, use_sgd=True)
Using GPU : 0 from 1 devices
Test :: test acc: 0.928687, test avg acc: 0.894163
